
**** Clean-only build of configuration Debug for project FrequencySetup ****

"C:\\ti\\ccsv6\\utils\\bin\\gmake" -k clean 
gmake: *** No rule to make target `clean'.

**** Build Finished ****

**** Build of configuration Debug for project FrequencySetup ****

"C:\\ti\\ccsv6\\utils\\bin\\gmake" -k all 
'Building file: ../main.c'
'Invoking: MSP430 Compiler'
"C:/ti/ccsv6/tools/compiler/ti-cgt-msp430_4.4.5/bin/cl430" -vmsp --abi=eabi --include_path="C:/ti/ccsv6/ccs_base/msp430/include" --include_path="C:/ti/ccsv6/tools/compiler/ti-cgt-msp430_4.4.5/include" --advice:power=all -g --define=__MSP430G2553__ --diag_warning=225 --diag_wrap=off --display_error_number --printf_support=minimal --preproc_with_compile --preproc_dependency="main.pp"  "../main.c"
"../main.c", line 31: warning #112-D: statement is unreachable
"../main.c", line 30: remark #1527-D: (ULP 2.1) Detected SW delay loop using empty loop. Recommend using a timer module instead
"../main.c", line 64: remark #1530-D: (ULP 5.1) Detected divide operation(s). Recommend moving them to RAM during run time or not using as these are processing/power intensive
"../main.c", line 83: remark #1530-D: (ULP 5.1) Detected divide operation(s). Recommend moving them to RAM during run time or not using as these are processing/power intensive
'Finished building: ../main.c'
' '
'Building target: FrequencySetup.out'
'Invoking: MSP430 Linker'
"C:/ti/ccsv6/tools/compiler/ti-cgt-msp430_4.4.5/bin/cl430" -vmsp --abi=eabi --advice:power=all -g --define=__MSP430G2553__ --diag_warning=225 --diag_wrap=off --display_error_number --printf_support=minimal -z -m"FrequencySetup.map" --heap_size=80 --stack_size=80 -i"C:/ti/ccsv6/ccs_base/msp430/include" -i"C:/ti/ccsv6/tools/compiler/ti-cgt-msp430_4.4.5/lib" -i"C:/ti/ccsv6/tools/compiler/ti-cgt-msp430_4.4.5/include" --reread_libs --warn_sections --diag_wrap=off --display_error_number --xml_link_info="FrequencySetup_linkInfo.xml" --rom_model -o "FrequencySetup.out"  "./main.obj" "../lnk_msp430g2553.cmd" -l"libc.a" 
<Linking>
remark #10372-D: (ULP 4.1) Detected uninitialized Port 2 in this project. Recommend initializing all unused ports to eliminate wasted current consumption on unused pins.
remark #10372-D: (ULP 4.1) Detected uninitialized Port 3 in this project. Recommend initializing all unused ports to eliminate wasted current consumption on unused pins.
'Finished building target: FrequencySetup.out'
' '

**** Build Finished ****

**** Build of configuration Debug for project FrequencySetup ****

"C:\\ti\\ccsv6\\utils\\bin\\gmake" -k all 
gmake: Nothing to be done for `all'.

**** Build Finished ****

**** Build of configuration Debug for project FrequencySetup ****

"C:\\ti\\ccsv6\\utils\\bin\\gmake" -k all 
'Building file: ../main.c'
'Invoking: MSP430 Compiler'
"C:/ti/ccsv6/tools/compiler/ti-cgt-msp430_4.4.5/bin/cl430" -vmsp --abi=eabi --include_path="C:/ti/ccsv6/ccs_base/msp430/include" --include_path="C:/ti/ccsv6/tools/compiler/ti-cgt-msp430_4.4.5/include" --advice:power=all -g --define=__MSP430G2553__ --diag_warning=225 --diag_wrap=off --display_error_number --printf_support=minimal --preproc_with_compile --preproc_dependency="main.pp"  "../main.c"
"../main.c", line 31: warning #112-D: statement is unreachable
"../main.c", line 30: remark #1527-D: (ULP 2.1) Detected SW delay loop using empty loop. Recommend using a timer module instead
"../main.c", line 64: remark #1530-D: (ULP 5.1) Detected divide operation(s). Recommend moving them to RAM during run time or not using as these are processing/power intensive
"../main.c", line 83: remark #1530-D: (ULP 5.1) Detected divide operation(s). Recommend moving them to RAM during run time or not using as these are processing/power intensive
'Finished building: ../main.c'
' '
'Building target: FrequencySetup.out'
'Invoking: MSP430 Linker'
"C:/ti/ccsv6/tools/compiler/ti-cgt-msp430_4.4.5/bin/cl430" -vmsp --abi=eabi --advice:power=all -g --define=__MSP430G2553__ --diag_warning=225 --diag_wrap=off --display_error_number --printf_support=minimal -z -m"FrequencySetup.map" --heap_size=80 --stack_size=80 -i"C:/ti/ccsv6/ccs_base/msp430/include" -i"C:/ti/ccsv6/tools/compiler/ti-cgt-msp430_4.4.5/lib" -i"C:/ti/ccsv6/tools/compiler/ti-cgt-msp430_4.4.5/include" --reread_libs --warn_sections --diag_wrap=off --display_error_number --xml_link_info="FrequencySetup_linkInfo.xml" --rom_model -o "FrequencySetup.out"  "./main.obj" "../lnk_msp430g2553.cmd" -l"libc.a" 
<Linking>
remark #10372-D: (ULP 4.1) Detected uninitialized Port 2 in this project. Recommend initializing all unused ports to eliminate wasted current consumption on unused pins.
remark #10372-D: (ULP 4.1) Detected uninitialized Port 3 in this project. Recommend initializing all unused ports to eliminate wasted current consumption on unused pins.
'Finished building target: FrequencySetup.out'
' '

**** Build Finished ****

**** Build of configuration Debug for project FrequencySetup ****

"c:\\ti\\ccsv6\\utils\\bin\\gmake" -k all 
'Building file: ../main.c'
'Invoking: MSP430 Compiler'
"C:/ti/ccsv6/tools/compiler/ti-cgt-msp430_4.4.5/bin/cl430" -vmsp --abi=eabi --include_path="C:/ti/ccsv6/ccs_base/msp430/include" --include_path="C:/ti/ccsv6/tools/compiler/ti-cgt-msp430_4.4.5/include" --advice:power=all -g --define=__MSP430G2553__ --diag_warning=225 --diag_wrap=off --display_error_number --printf_support=minimal --preproc_with_compile --preproc_dependency="main.pp"  "../main.c"
"../main.c", line 31: warning #112-D: statement is unreachable
"../main.c", line 30: remark #1527-D: (ULP 2.1) Detected SW delay loop using empty loop. Recommend using a timer module instead
"../main.c", line 64: remark #1530-D: (ULP 5.1) Detected divide operation(s). Recommend moving them to RAM during run time or not using as these are processing/power intensive
"../main.c", line 83: remark #1530-D: (ULP 5.1) Detected divide operation(s). Recommend moving them to RAM during run time or not using as these are processing/power intensive
'Finished building: ../main.c'
' '
'Building target: FrequencySetup.out'
'Invoking: MSP430 Linker'
"c:/ti/ccsv6/tools/compiler/ti-cgt-msp430_4.4.5/bin/cl430" -vmsp --abi=eabi --advice:power=all -g --define=__MSP430G2553__ --diag_warning=225 --diag_wrap=off --display_error_number --printf_support=minimal -z -m"FrequencySetup.map" --heap_size=80 --stack_size=80 -i"c:/ti/ccsv6/ccs_base/msp430/include" -i"c:/ti/ccsv6/tools/compiler/ti-cgt-msp430_4.4.5/lib" -i"c:/ti/ccsv6/tools/compiler/ti-cgt-msp430_4.4.5/include" --reread_libs --warn_sections --diag_wrap=off --display_error_number --xml_link_info="FrequencySetup_linkInfo.xml" --rom_model -o "FrequencySetup.out"  "./main.obj" "../lnk_msp430g2553.cmd" -l"libc.a" 
<Linking>
remark #10372-D: (ULP 4.1) Detected uninitialized Port 2 in this project. Recommend initializing all unused ports to eliminate wasted current consumption on unused pins.
remark #10372-D: (ULP 4.1) Detected uninitialized Port 3 in this project. Recommend initializing all unused ports to eliminate wasted current consumption on unused pins.
'Finished building target: FrequencySetup.out'
' '

**** Build Finished ****

**** Build of configuration Debug for project FrequencySetup ****

"c:\\ti\\ccsv6\\utils\\bin\\gmake" -k all 
'Building file: ../main.c'
'Invoking: MSP430 Compiler'
"C:/ti/ccsv6/tools/compiler/ti-cgt-msp430_4.4.5/bin/cl430" -vmsp --abi=eabi --include_path="C:/ti/ccsv6/ccs_base/msp430/include" --include_path="C:/ti/ccsv6/tools/compiler/ti-cgt-msp430_4.4.5/include" --advice:power=all -g --define=__MSP430G2553__ --diag_warning=225 --diag_wrap=off --display_error_number --printf_support=minimal --preproc_with_compile --preproc_dependency="main.pp"  "../main.c"
"../main.c", line 31: warning #112-D: statement is unreachable
"../main.c", line 30: remark #1527-D: (ULP 2.1) Detected SW delay loop using empty loop. Recommend using a timer module instead
"../main.c", line 64: remark #1530-D: (ULP 5.1) Detected divide operation(s). Recommend moving them to RAM during run time or not using as these are processing/power intensive
"../main.c", line 84: remark #1530-D: (ULP 5.1) Detected divide operation(s). Recommend moving them to RAM during run time or not using as these are processing/power intensive
"../main.c", line 92: remark #1530-D: (ULP 5.1) Detected divide operation(s). Recommend moving them to RAM during run time or not using as these are processing/power intensive
'Finished building: ../main.c'
' '
'Building target: FrequencySetup.out'
'Invoking: MSP430 Linker'
"c:/ti/ccsv6/tools/compiler/ti-cgt-msp430_4.4.5/bin/cl430" -vmsp --abi=eabi --advice:power=all -g --define=__MSP430G2553__ --diag_warning=225 --diag_wrap=off --display_error_number --printf_support=minimal -z -m"FrequencySetup.map" --heap_size=80 --stack_size=80 -i"c:/ti/ccsv6/ccs_base/msp430/include" -i"c:/ti/ccsv6/tools/compiler/ti-cgt-msp430_4.4.5/lib" -i"c:/ti/ccsv6/tools/compiler/ti-cgt-msp430_4.4.5/include" --reread_libs --warn_sections --diag_wrap=off --display_error_number --xml_link_info="FrequencySetup_linkInfo.xml" --rom_model -o "FrequencySetup.out"  "./main.obj" "../lnk_msp430g2553.cmd" -l"libc.a" 
<Linking>
remark #10372-D: (ULP 4.1) Detected uninitialized Port 2 in this project. Recommend initializing all unused ports to eliminate wasted current consumption on unused pins.
remark #10372-D: (ULP 4.1) Detected uninitialized Port 3 in this project. Recommend initializing all unused ports to eliminate wasted current consumption on unused pins.
'Finished building target: FrequencySetup.out'
' '

**** Build Finished ****

**** Build of configuration Debug for project FrequencySetup ****

"c:\\ti\\ccsv6\\utils\\bin\\gmake" -k all 
'Building file: ../main.c'
'Invoking: MSP430 Compiler'
"C:/ti/ccsv6/tools/compiler/ti-cgt-msp430_4.4.5/bin/cl430" -vmsp --abi=eabi --include_path="C:/ti/ccsv6/ccs_base/msp430/include" --include_path="C:/ti/ccsv6/tools/compiler/ti-cgt-msp430_4.4.5/include" --advice:power=all -g --define=__MSP430G2553__ --diag_warning=225 --diag_wrap=off --display_error_number --printf_support=minimal --preproc_with_compile --preproc_dependency="main.pp"  "../main.c"
"../main.c", line 31: warning #112-D: statement is unreachable
"../main.c", line 30: remark #1527-D: (ULP 2.1) Detected SW delay loop using empty loop. Recommend using a timer module instead
"../main.c", line 64: remark #1530-D: (ULP 5.1) Detected divide operation(s). Recommend moving them to RAM during run time or not using as these are processing/power intensive
"../main.c", line 84: remark #1530-D: (ULP 5.1) Detected divide operation(s). Recommend moving them to RAM during run time or not using as these are processing/power intensive
"../main.c", line 92: remark #1530-D: (ULP 5.1) Detected divide operation(s). Recommend moving them to RAM during run time or not using as these are processing/power intensive
'Finished building: ../main.c'
' '
'Building target: FrequencySetup.out'
'Invoking: MSP430 Linker'
"c:/ti/ccsv6/tools/compiler/ti-cgt-msp430_4.4.5/bin/cl430" -vmsp --abi=eabi --advice:power=all -g --define=__MSP430G2553__ --diag_warning=225 --diag_wrap=off --display_error_number --printf_support=minimal -z -m"FrequencySetup.map" --heap_size=80 --stack_size=80 -i"c:/ti/ccsv6/ccs_base/msp430/include" -i"c:/ti/ccsv6/tools/compiler/ti-cgt-msp430_4.4.5/lib" -i"c:/ti/ccsv6/tools/compiler/ti-cgt-msp430_4.4.5/include" --reread_libs --warn_sections --diag_wrap=off --display_error_number --xml_link_info="FrequencySetup_linkInfo.xml" --rom_model -o "FrequencySetup.out"  "./main.obj" "../lnk_msp430g2553.cmd" -l"libc.a" 
<Linking>
remark #10372-D: (ULP 4.1) Detected uninitialized Port 2 in this project. Recommend initializing all unused ports to eliminate wasted current consumption on unused pins.
remark #10372-D: (ULP 4.1) Detected uninitialized Port 3 in this project. Recommend initializing all unused ports to eliminate wasted current consumption on unused pins.
'Finished building target: FrequencySetup.out'
' '

**** Build Finished ****

**** Build of configuration Debug for project FrequencySetup ****

"c:\\ti\\ccsv6\\utils\\bin\\gmake" -k all 
'Building file: ../main.c'
'Invoking: MSP430 Compiler'
"C:/ti/ccsv6/tools/compiler/ti-cgt-msp430_4.4.5/bin/cl430" -vmsp --abi=eabi --include_path="C:/ti/ccsv6/ccs_base/msp430/include" --include_path="C:/ti/ccsv6/tools/compiler/ti-cgt-msp430_4.4.5/include" --advice:power=all -g --define=__MSP430G2553__ --diag_warning=225 --diag_wrap=off --display_error_number --printf_support=minimal --preproc_with_compile --preproc_dependency="main.pp"  "../main.c"
"../main.c", line 31: warning #112-D: statement is unreachable
"../main.c", line 30: remark #1527-D: (ULP 2.1) Detected SW delay loop using empty loop. Recommend using a timer module instead
"../main.c", line 64: remark #1530-D: (ULP 5.1) Detected divide operation(s). Recommend moving them to RAM during run time or not using as these are processing/power intensive
"../main.c", line 84: remark #1530-D: (ULP 5.1) Detected divide operation(s). Recommend moving them to RAM during run time or not using as these are processing/power intensive
"../main.c", line 92: remark #1530-D: (ULP 5.1) Detected divide operation(s). Recommend moving them to RAM during run time or not using as these are processing/power intensive
'Finished building: ../main.c'
' '
'Building target: FrequencySetup.out'
'Invoking: MSP430 Linker'
"c:/ti/ccsv6/tools/compiler/ti-cgt-msp430_4.4.5/bin/cl430" -vmsp --abi=eabi --advice:power=all -g --define=__MSP430G2553__ --diag_warning=225 --diag_wrap=off --display_error_number --printf_support=minimal -z -m"FrequencySetup.map" --heap_size=80 --stack_size=80 -i"c:/ti/ccsv6/ccs_base/msp430/include" -i"c:/ti/ccsv6/tools/compiler/ti-cgt-msp430_4.4.5/lib" -i"c:/ti/ccsv6/tools/compiler/ti-cgt-msp430_4.4.5/include" --reread_libs --warn_sections --diag_wrap=off --display_error_number --xml_link_info="FrequencySetup_linkInfo.xml" --rom_model -o "FrequencySetup.out"  "./main.obj" "../lnk_msp430g2553.cmd" -l"libc.a" 
<Linking>
remark #10372-D: (ULP 4.1) Detected uninitialized Port 2 in this project. Recommend initializing all unused ports to eliminate wasted current consumption on unused pins.
remark #10372-D: (ULP 4.1) Detected uninitialized Port 3 in this project. Recommend initializing all unused ports to eliminate wasted current consumption on unused pins.
'Finished building target: FrequencySetup.out'
' '

**** Build Finished ****

**** Build of configuration Debug for project FrequencySetup ****

"c:\\ti\\ccsv6\\utils\\bin\\gmake" -k all 
gmake: Nothing to be done for `all'.

**** Build Finished ****

**** Build of configuration Debug for project FrequencySetup ****

"c:\\ti\\ccsv6\\utils\\bin\\gmake" -k all 
'Building file: ../main.c'
'Invoking: MSP430 Compiler'
"C:/ti/ccsv6/tools/compiler/ti-cgt-msp430_4.4.5/bin/cl430" -vmsp --abi=eabi --include_path="C:/ti/ccsv6/ccs_base/msp430/include" --include_path="C:/ti/ccsv6/tools/compiler/ti-cgt-msp430_4.4.5/include" --advice:power=all -g --define=__MSP430G2553__ --diag_warning=225 --diag_wrap=off --display_error_number --printf_support=minimal --preproc_with_compile --preproc_dependency="main.pp"  "../main.c"
"../main.c", line 31: warning #112-D: statement is unreachable
"../main.c", line 30: remark #1527-D: (ULP 2.1) Detected SW delay loop using empty loop. Recommend using a timer module instead
"../main.c", line 64: remark #1530-D: (ULP 5.1) Detected divide operation(s). Recommend moving them to RAM during run time or not using as these are processing/power intensive
"../main.c", line 84: remark #1530-D: (ULP 5.1) Detected divide operation(s). Recommend moving them to RAM during run time or not using as these are processing/power intensive
"../main.c", line 92: remark #1530-D: (ULP 5.1) Detected divide operation(s). Recommend moving them to RAM during run time or not using as these are processing/power intensive
'Finished building: ../main.c'
' '
'Building target: FrequencySetup.out'
'Invoking: MSP430 Linker'
"c:/ti/ccsv6/tools/compiler/ti-cgt-msp430_4.4.5/bin/cl430" -vmsp --abi=eabi --advice:power=all -g --define=__MSP430G2553__ --diag_warning=225 --diag_wrap=off --display_error_number --printf_support=minimal -z -m"FrequencySetup.map" --heap_size=80 --stack_size=80 -i"c:/ti/ccsv6/ccs_base/msp430/include" -i"c:/ti/ccsv6/tools/compiler/ti-cgt-msp430_4.4.5/lib" -i"c:/ti/ccsv6/tools/compiler/ti-cgt-msp430_4.4.5/include" --reread_libs --warn_sections --diag_wrap=off --display_error_number --xml_link_info="FrequencySetup_linkInfo.xml" --rom_model -o "FrequencySetup.out"  "./main.obj" "../lnk_msp430g2553.cmd" -l"libc.a" 
<Linking>
remark #10372-D: (ULP 4.1) Detected uninitialized Port 2 in this project. Recommend initializing all unused ports to eliminate wasted current consumption on unused pins.
remark #10372-D: (ULP 4.1) Detected uninitialized Port 3 in this project. Recommend initializing all unused ports to eliminate wasted current consumption on unused pins.
'Finished building target: FrequencySetup.out'
' '

**** Build Finished ****

**** Build of configuration Debug for project FrequencySetup ****

"c:\\ti\\ccsv6\\utils\\bin\\gmake" -k all 
'Building file: ../main.c'
'Invoking: MSP430 Compiler'
"C:/ti/ccsv6/tools/compiler/ti-cgt-msp430_4.4.5/bin/cl430" -vmsp --abi=eabi --include_path="C:/ti/ccsv6/ccs_base/msp430/include" --include_path="C:/ti/ccsv6/tools/compiler/ti-cgt-msp430_4.4.5/include" --advice:power=all -g --define=__MSP430G2553__ --diag_warning=225 --diag_wrap=off --display_error_number --printf_support=minimal --preproc_with_compile --preproc_dependency="main.pp"  "../main.c"
"../main.c", line 31: warning #112-D: statement is unreachable
"../main.c", line 30: remark #1527-D: (ULP 2.1) Detected SW delay loop using empty loop. Recommend using a timer module instead
"../main.c", line 64: remark #1530-D: (ULP 5.1) Detected divide operation(s). Recommend moving them to RAM during run time or not using as these are processing/power intensive
"../main.c", line 84: remark #1530-D: (ULP 5.1) Detected divide operation(s). Recommend moving them to RAM during run time or not using as these are processing/power intensive
"../main.c", line 92: remark #1530-D: (ULP 5.1) Detected divide operation(s). Recommend moving them to RAM during run time or not using as these are processing/power intensive
'Finished building: ../main.c'
' '
'Building target: FrequencySetup.out'
'Invoking: MSP430 Linker'
"c:/ti/ccsv6/tools/compiler/ti-cgt-msp430_4.4.5/bin/cl430" -vmsp --abi=eabi --advice:power=all -g --define=__MSP430G2553__ --diag_warning=225 --diag_wrap=off --display_error_number --printf_support=minimal -z -m"FrequencySetup.map" --heap_size=80 --stack_size=80 -i"c:/ti/ccsv6/ccs_base/msp430/include" -i"c:/ti/ccsv6/tools/compiler/ti-cgt-msp430_4.4.5/lib" -i"c:/ti/ccsv6/tools/compiler/ti-cgt-msp430_4.4.5/include" --reread_libs --warn_sections --diag_wrap=off --display_error_number --xml_link_info="FrequencySetup_linkInfo.xml" --rom_model -o "FrequencySetup.out"  "./main.obj" "../lnk_msp430g2553.cmd" -l"libc.a" 
<Linking>
remark #10372-D: (ULP 4.1) Detected uninitialized Port 2 in this project. Recommend initializing all unused ports to eliminate wasted current consumption on unused pins.
remark #10372-D: (ULP 4.1) Detected uninitialized Port 3 in this project. Recommend initializing all unused ports to eliminate wasted current consumption on unused pins.
'Finished building target: FrequencySetup.out'
' '

**** Build Finished ****

**** Build of configuration Debug for project FrequencySetup ****

"c:\\ti\\ccsv6\\utils\\bin\\gmake" -k all 
'Building file: ../main.c'
'Invoking: MSP430 Compiler'
"C:/ti/ccsv6/tools/compiler/ti-cgt-msp430_4.4.5/bin/cl430" -vmsp --abi=eabi --include_path="C:/ti/ccsv6/ccs_base/msp430/include" --include_path="C:/ti/ccsv6/tools/compiler/ti-cgt-msp430_4.4.5/include" --advice:power=all -g --define=__MSP430G2553__ --diag_warning=225 --diag_wrap=off --display_error_number --printf_support=minimal --preproc_with_compile --preproc_dependency="main.pp"  "../main.c"
"../main.c", line 31: warning #112-D: statement is unreachable
"../main.c", line 30: remark #1527-D: (ULP 2.1) Detected SW delay loop using empty loop. Recommend using a timer module instead
"../main.c", line 64: remark #1530-D: (ULP 5.1) Detected divide operation(s). Recommend moving them to RAM during run time or not using as these are processing/power intensive
"../main.c", line 84: remark #1530-D: (ULP 5.1) Detected divide operation(s). Recommend moving them to RAM during run time or not using as these are processing/power intensive
"../main.c", line 92: remark #1530-D: (ULP 5.1) Detected divide operation(s). Recommend moving them to RAM during run time or not using as these are processing/power intensive
'Finished building: ../main.c'
' '
'Building target: FrequencySetup.out'
'Invoking: MSP430 Linker'
"c:/ti/ccsv6/tools/compiler/ti-cgt-msp430_4.4.5/bin/cl430" -vmsp --abi=eabi --advice:power=all -g --define=__MSP430G2553__ --diag_warning=225 --diag_wrap=off --display_error_number --printf_support=minimal -z -m"FrequencySetup.map" --heap_size=80 --stack_size=80 -i"c:/ti/ccsv6/ccs_base/msp430/include" -i"c:/ti/ccsv6/tools/compiler/ti-cgt-msp430_4.4.5/lib" -i"c:/ti/ccsv6/tools/compiler/ti-cgt-msp430_4.4.5/include" --reread_libs --warn_sections --diag_wrap=off --display_error_number --xml_link_info="FrequencySetup_linkInfo.xml" --rom_model -o "FrequencySetup.out"  "./main.obj" "../lnk_msp430g2553.cmd" -l"libc.a" 
<Linking>
remark #10372-D: (ULP 4.1) Detected uninitialized Port 2 in this project. Recommend initializing all unused ports to eliminate wasted current consumption on unused pins.
remark #10372-D: (ULP 4.1) Detected uninitialized Port 3 in this project. Recommend initializing all unused ports to eliminate wasted current consumption on unused pins.
'Finished building target: FrequencySetup.out'
' '

**** Build Finished ****

**** Build of configuration Debug for project FrequencySetup ****

"c:\\ti\\ccsv6\\utils\\bin\\gmake" -k all 
gmake: Nothing to be done for `all'.

**** Build Finished ****

**** Build of configuration Debug for project FrequencySetup ****

"c:\\ti\\ccsv6\\utils\\bin\\gmake" -k all 
gmake: Nothing to be done for `all'.

**** Build Finished ****

**** Build of configuration Debug for project FrequencySetup ****

"c:\\ti\\ccsv6\\utils\\bin\\gmake" -k all 
'Building file: ../main.c'
'Invoking: MSP430 Compiler'
"C:/ti/ccsv6/tools/compiler/ti-cgt-msp430_4.4.5/bin/cl430" -vmsp --abi=eabi --include_path="C:/ti/ccsv6/ccs_base/msp430/include" --include_path="C:/ti/ccsv6/tools/compiler/ti-cgt-msp430_4.4.5/include" --advice:power=all -g --define=__MSP430G2553__ --diag_warning=225 --diag_wrap=off --display_error_number --printf_support=minimal --preproc_with_compile --preproc_dependency="main.pp"  "../main.c"
"../main.c", line 31: warning #112-D: statement is unreachable
"../main.c", line 30: remark #1527-D: (ULP 2.1) Detected SW delay loop using empty loop. Recommend using a timer module instead
"../main.c", line 64: remark #1530-D: (ULP 5.1) Detected divide operation(s). Recommend moving them to RAM during run time or not using as these are processing/power intensive
"../main.c", line 84: remark #1530-D: (ULP 5.1) Detected divide operation(s). Recommend moving them to RAM during run time or not using as these are processing/power intensive
"../main.c", line 92: remark #1530-D: (ULP 5.1) Detected divide operation(s). Recommend moving them to RAM during run time or not using as these are processing/power intensive
'Finished building: ../main.c'
' '
'Building target: FrequencySetup.out'
'Invoking: MSP430 Linker'
"c:/ti/ccsv6/tools/compiler/ti-cgt-msp430_4.4.5/bin/cl430" -vmsp --abi=eabi --advice:power=all -g --define=__MSP430G2553__ --diag_warning=225 --diag_wrap=off --display_error_number --printf_support=minimal -z -m"FrequencySetup.map" --heap_size=80 --stack_size=80 -i"c:/ti/ccsv6/ccs_base/msp430/include" -i"c:/ti/ccsv6/tools/compiler/ti-cgt-msp430_4.4.5/lib" -i"c:/ti/ccsv6/tools/compiler/ti-cgt-msp430_4.4.5/include" --reread_libs --warn_sections --diag_wrap=off --display_error_number --xml_link_info="FrequencySetup_linkInfo.xml" --rom_model -o "FrequencySetup.out"  "./main.obj" "../lnk_msp430g2553.cmd" -l"libc.a" 
<Linking>
remark #10372-D: (ULP 4.1) Detected uninitialized Port 2 in this project. Recommend initializing all unused ports to eliminate wasted current consumption on unused pins.
remark #10372-D: (ULP 4.1) Detected uninitialized Port 3 in this project. Recommend initializing all unused ports to eliminate wasted current consumption on unused pins.
'Finished building target: FrequencySetup.out'
' '

**** Build Finished ****

**** Build of configuration Debug for project FrequencySetup ****

"c:\\ti\\ccsv6\\utils\\bin\\gmake" -k all 
gmake: Nothing to be done for `all'.

**** Build Finished ****

**** Build of configuration Debug for project FrequencySetup ****

"c:\\ti\\ccsv6\\utils\\bin\\gmake" -k all 
gmake: Nothing to be done for `all'.

**** Build Finished ****

**** Build of configuration Debug for project FrequencySetup ****

"c:\\ti\\ccsv6\\utils\\bin\\gmake" -k all 
'Building file: ../main.c'
'Invoking: MSP430 Compiler'
"C:/ti/ccsv6/tools/compiler/ti-cgt-msp430_4.4.5/bin/cl430" -vmsp --abi=eabi --include_path="C:/ti/ccsv6/ccs_base/msp430/include" --include_path="C:/ti/ccsv6/tools/compiler/ti-cgt-msp430_4.4.5/include" --advice:power=all -g --define=__MSP430G2553__ --diag_warning=225 --diag_wrap=off --display_error_number --printf_support=minimal --preproc_with_compile --preproc_dependency="main.pp"  "../main.c"
"../main.c", line 31: warning #112-D: statement is unreachable
"../main.c", line 30: remark #1527-D: (ULP 2.1) Detected SW delay loop using empty loop. Recommend using a timer module instead
"../main.c", line 64: remark #1530-D: (ULP 5.1) Detected divide operation(s). Recommend moving them to RAM during run time or not using as these are processing/power intensive
"../main.c", line 84: remark #1530-D: (ULP 5.1) Detected divide operation(s). Recommend moving them to RAM during run time or not using as these are processing/power intensive
"../main.c", line 92: remark #1530-D: (ULP 5.1) Detected divide operation(s). Recommend moving them to RAM during run time or not using as these are processing/power intensive
'Finished building: ../main.c'
' '
'Building target: FrequencySetup.out'
'Invoking: MSP430 Linker'
"c:/ti/ccsv6/tools/compiler/ti-cgt-msp430_4.4.5/bin/cl430" -vmsp --abi=eabi --advice:power=all -g --define=__MSP430G2553__ --diag_warning=225 --diag_wrap=off --display_error_number --printf_support=minimal -z -m"FrequencySetup.map" --heap_size=80 --stack_size=80 -i"c:/ti/ccsv6/ccs_base/msp430/include" -i"c:/ti/ccsv6/tools/compiler/ti-cgt-msp430_4.4.5/lib" -i"c:/ti/ccsv6/tools/compiler/ti-cgt-msp430_4.4.5/include" --reread_libs --warn_sections --diag_wrap=off --display_error_number --xml_link_info="FrequencySetup_linkInfo.xml" --rom_model -o "FrequencySetup.out"  "./main.obj" "../lnk_msp430g2553.cmd" -l"libc.a" 
<Linking>
remark #10372-D: (ULP 4.1) Detected uninitialized Port 2 in this project. Recommend initializing all unused ports to eliminate wasted current consumption on unused pins.
remark #10372-D: (ULP 4.1) Detected uninitialized Port 3 in this project. Recommend initializing all unused ports to eliminate wasted current consumption on unused pins.
'Finished building target: FrequencySetup.out'
' '

**** Build Finished ****

**** Build of configuration Debug for project FrequencySetup ****

"c:\\ti\\ccsv6\\utils\\bin\\gmake" -k all 
'Building file: ../main.c'
'Invoking: MSP430 Compiler'
"C:/ti/ccsv6/tools/compiler/ti-cgt-msp430_4.4.5/bin/cl430" -vmsp --abi=eabi --include_path="C:/ti/ccsv6/ccs_base/msp430/include" --include_path="C:/ti/ccsv6/tools/compiler/ti-cgt-msp430_4.4.5/include" --advice:power=all -g --define=__MSP430G2553__ --diag_warning=225 --diag_wrap=off --display_error_number --printf_support=minimal --preproc_with_compile --preproc_dependency="main.pp"  "../main.c"
"../main.c", line 31: warning #112-D: statement is unreachable
"../main.c", line 30: remark #1527-D: (ULP 2.1) Detected SW delay loop using empty loop. Recommend using a timer module instead
"../main.c", line 64: remark #1530-D: (ULP 5.1) Detected divide operation(s). Recommend moving them to RAM during run time or not using as these are processing/power intensive
"../main.c", line 84: remark #1530-D: (ULP 5.1) Detected divide operation(s). Recommend moving them to RAM during run time or not using as these are processing/power intensive
"../main.c", line 92: remark #1530-D: (ULP 5.1) Detected divide operation(s). Recommend moving them to RAM during run time or not using as these are processing/power intensive
"../main.c", line 13: remark #1535-D: (ULP 8.1) variable "cnt" is used as a constant. Recommend declaring variable as either 'static const' or 'const'
'Finished building: ../main.c'
' '
'Building target: FrequencySetup.out'
'Invoking: MSP430 Linker'
"c:/ti/ccsv6/tools/compiler/ti-cgt-msp430_4.4.5/bin/cl430" -vmsp --abi=eabi --advice:power=all -g --define=__MSP430G2553__ --diag_warning=225 --diag_wrap=off --display_error_number --printf_support=minimal -z -m"FrequencySetup.map" --heap_size=80 --stack_size=80 -i"c:/ti/ccsv6/ccs_base/msp430/include" -i"c:/ti/ccsv6/tools/compiler/ti-cgt-msp430_4.4.5/lib" -i"c:/ti/ccsv6/tools/compiler/ti-cgt-msp430_4.4.5/include" --reread_libs --warn_sections --diag_wrap=off --display_error_number --xml_link_info="FrequencySetup_linkInfo.xml" --rom_model -o "FrequencySetup.out"  "./main.obj" "../lnk_msp430g2553.cmd" -l"libc.a" 
<Linking>
remark #10372-D: (ULP 4.1) Detected uninitialized Port 2 in this project. Recommend initializing all unused ports to eliminate wasted current consumption on unused pins.
remark #10372-D: (ULP 4.1) Detected uninitialized Port 3 in this project. Recommend initializing all unused ports to eliminate wasted current consumption on unused pins.
'Finished building target: FrequencySetup.out'
' '

**** Build Finished ****

**** Build of configuration Debug for project FrequencySetup ****

"c:\\ti\\ccsv6\\utils\\bin\\gmake" -k all 
'Building file: ../main.c'
'Invoking: MSP430 Compiler'
"C:/ti/ccsv6/tools/compiler/ti-cgt-msp430_4.4.5/bin/cl430" -vmsp --abi=eabi --include_path="C:/ti/ccsv6/ccs_base/msp430/include" --include_path="C:/ti/ccsv6/tools/compiler/ti-cgt-msp430_4.4.5/include" --advice:power=all -g --define=__MSP430G2553__ --diag_warning=225 --diag_wrap=off --display_error_number --printf_support=minimal --preproc_with_compile --preproc_dependency="main.pp"  "../main.c"
"../main.c", line 31: warning #112-D: statement is unreachable
"../main.c", line 30: remark #1527-D: (ULP 2.1) Detected SW delay loop using empty loop. Recommend using a timer module instead
"../main.c", line 64: remark #1530-D: (ULP 5.1) Detected divide operation(s). Recommend moving them to RAM during run time or not using as these are processing/power intensive
"../main.c", line 84: remark #1530-D: (ULP 5.1) Detected divide operation(s). Recommend moving them to RAM during run time or not using as these are processing/power intensive
"../main.c", line 92: remark #1530-D: (ULP 5.1) Detected divide operation(s). Recommend moving them to RAM during run time or not using as these are processing/power intensive
"../main.c", line 113: error #20: identifier "PUSH2" is undefined

1 error detected in the compilation of "../main.c".
>> Compilation failure
gmake: *** [main.obj] Error 1
gmake: Target `all' not remade because of errors.

**** Build Finished ****

**** Build of configuration Debug for project FrequencySetup ****

"c:\\ti\\ccsv6\\utils\\bin\\gmake" -k all 
'Building file: ../main.c'
'Invoking: MSP430 Compiler'
"C:/ti/ccsv6/tools/compiler/ti-cgt-msp430_4.4.5/bin/cl430" -vmsp --abi=eabi --include_path="C:/ti/ccsv6/ccs_base/msp430/include" --include_path="C:/ti/ccsv6/tools/compiler/ti-cgt-msp430_4.4.5/include" --advice:power=all -g --define=__MSP430G2553__ --diag_warning=225 --diag_wrap=off --display_error_number --printf_support=minimal --preproc_with_compile --preproc_dependency="main.pp"  "../main.c"
"../main.c", line 31: warning #112-D: statement is unreachable
"../main.c", line 30: remark #1527-D: (ULP 2.1) Detected SW delay loop using empty loop. Recommend using a timer module instead
"../main.c", line 64: remark #1530-D: (ULP 5.1) Detected divide operation(s). Recommend moving them to RAM during run time or not using as these are processing/power intensive
"../main.c", line 84: remark #1530-D: (ULP 5.1) Detected divide operation(s). Recommend moving them to RAM during run time or not using as these are processing/power intensive
"../main.c", line 92: remark #1530-D: (ULP 5.1) Detected divide operation(s). Recommend moving them to RAM during run time or not using as these are processing/power intensive
"../main.c", line 113: error #18: expected a ")"
1 error detected in the compilation of "../main.c".

>> Compilation failure
gmake: *** [main.obj] Error 1
gmake: Target `all' not remade because of errors.

**** Build Finished ****

**** Build of configuration Debug for project FrequencySetup ****

"c:\\ti\\ccsv6\\utils\\bin\\gmake" -k all 
'Building file: ../main.c'
'Invoking: MSP430 Compiler'
"C:/ti/ccsv6/tools/compiler/ti-cgt-msp430_4.4.5/bin/cl430" -vmsp --abi=eabi --include_path="C:/ti/ccsv6/ccs_base/msp430/include" --include_path="C:/ti/ccsv6/tools/compiler/ti-cgt-msp430_4.4.5/include" --advice:power=all -g --define=__MSP430G2553__ --diag_warning=225 --diag_wrap=off --display_error_number --printf_support=minimal --preproc_with_compile --preproc_dependency="main.pp"  "../main.c"
"../main.c", line 31: warning #112-D: statement is unreachable
"../main.c", line 30: remark #1527-D: (ULP 2.1) Detected SW delay loop using empty loop. Recommend using a timer module instead
"../main.c", line 64: remark #1530-D: (ULP 5.1) Detected divide operation(s). Recommend moving them to RAM during run time or not using as these are processing/power intensive
"../main.c", line 84: remark #1530-D: (ULP 5.1) Detected divide operation(s). Recommend moving them to RAM during run time or not using as these are processing/power intensive
"../main.c", line 92: remark #1530-D: (ULP 5.1) Detected divide operation(s). Recommend moving them to RAM during run time or not using as these are processing/power intensive
'Finished building: ../main.c'
' '
'Building target: FrequencySetup.out'
'Invoking: MSP430 Linker'
"c:/ti/ccsv6/tools/compiler/ti-cgt-msp430_4.4.5/bin/cl430" -vmsp --abi=eabi --advice:power=all -g --define=__MSP430G2553__ --diag_warning=225 --diag_wrap=off --display_error_number --printf_support=minimal -z -m"FrequencySetup.map" --heap_size=80 --stack_size=80 -i"c:/ti/ccsv6/ccs_base/msp430/include" -i"c:/ti/ccsv6/tools/compiler/ti-cgt-msp430_4.4.5/lib" -i"c:/ti/ccsv6/tools/compiler/ti-cgt-msp430_4.4.5/include" --reread_libs --warn_sections --diag_wrap=off --display_error_number --xml_link_info="FrequencySetup_linkInfo.xml" --rom_model -o "FrequencySetup.out"  "./main.obj" "../lnk_msp430g2553.cmd" -l"libc.a" 
<Linking>
remark #10372-D: (ULP 4.1) Detected uninitialized Port 2 in this project. Recommend initializing all unused ports to eliminate wasted current consumption on unused pins.
remark #10372-D: (ULP 4.1) Detected uninitialized Port 3 in this project. Recommend initializing all unused ports to eliminate wasted current consumption on unused pins.
'Finished building target: FrequencySetup.out'
' '

**** Build Finished ****

**** Build of configuration Debug for project FrequencySetup ****

"c:\\ti\\ccsv6\\utils\\bin\\gmake" -k all 
gmake: Nothing to be done for `all'.

**** Build Finished ****

**** Clean-only build of configuration Debug for project FrequencySetup ****

"c:\\ti\\ccsv6\\utils\\bin\\gmake" -k clean 
DEL /F  "FrequencySetup.out"  "FrequencySetup.hex" 
DEL /F "main.pp" 
DEL /F "main.obj" 
'Finished clean'
' '

**** Build Finished ****

**** Clean-only build of configuration Debug for project FrequencySetup ****

"c:\\ti\\ccsv6\\utils\\bin\\gmake" -k clean 
DEL /F  "FrequencySetup.out"  "FrequencySetup.hex" 
No se pudo encontrar C:\Users\Ivan\Documents\GitHub\GM_Counter\Firmware\FrequencySetup\Debug\FrequencySetup.out
DEL /F "main.pp" 
No se pudo encontrar C:\Users\Ivan\Documents\GitHub\GM_Counter\Firmware\FrequencySetup\Debug\main.pp
DEL /F "main.obj" 
No se pudo encontrar C:\Users\Ivan\Documents\GitHub\GM_Counter\Firmware\FrequencySetup\Debug\main.obj
'Finished clean'
' '

**** Build Finished ****

**** Build of configuration Debug for project FrequencySetup ****

"c:\\ti\\ccsv6\\utils\\bin\\gmake" -k all 
'Building file: ../main.c'
'Invoking: MSP430 Compiler'
"c:/ti/ccsv6/tools/compiler/ti-cgt-msp430_4.4.5/bin/cl430" -vmsp --abi=eabi --include_path="c:/ti/ccsv6/ccs_base/msp430/include" --include_path="c:/ti/ccsv6/tools/compiler/ti-cgt-msp430_4.4.5/include" --advice:power=all -g --define=__MSP430G2553__ --diag_warning=225 --diag_wrap=off --display_error_number --printf_support=minimal --preproc_with_compile --preproc_dependency="main.pp"  "../main.c"
"../main.c", line 31: warning #112-D: statement is unreachable
"../main.c", line 30: remark #1527-D: (ULP 2.1) Detected SW delay loop using empty loop. Recommend using a timer module instead
"../main.c", line 64: remark #1530-D: (ULP 5.1) Detected divide operation(s). Recommend moving them to RAM during run time or not using as these are processing/power intensive
"../main.c", line 84: remark #1530-D: (ULP 5.1) Detected divide operation(s). Recommend moving them to RAM during run time or not using as these are processing/power intensive
"../main.c", line 92: remark #1530-D: (ULP 5.1) Detected divide operation(s). Recommend moving them to RAM during run time or not using as these are processing/power intensive
'Finished building: ../main.c'
' '
'Building target: FrequencySetup.out'
'Invoking: MSP430 Linker'
"c:/ti/ccsv6/tools/compiler/ti-cgt-msp430_4.4.5/bin/cl430" -vmsp --abi=eabi --advice:power=all -g --define=__MSP430G2553__ --diag_warning=225 --diag_wrap=off --display_error_number --printf_support=minimal -z -m"FrequencySetup.map" --heap_size=80 --stack_size=80 -i"c:/ti/ccsv6/ccs_base/msp430/include" -i"c:/ti/ccsv6/tools/compiler/ti-cgt-msp430_4.4.5/lib" -i"c:/ti/ccsv6/tools/compiler/ti-cgt-msp430_4.4.5/include" --reread_libs --warn_sections --diag_wrap=off --display_error_number --xml_link_info="FrequencySetup_linkInfo.xml" --rom_model -o "FrequencySetup.out"  "./main.obj" "../lnk_msp430g2553.cmd" -l"libc.a" 
<Linking>
remark #10372-D: (ULP 4.1) Detected uninitialized Port 2 in this project. Recommend initializing all unused ports to eliminate wasted current consumption on unused pins.
remark #10372-D: (ULP 4.1) Detected uninitialized Port 3 in this project. Recommend initializing all unused ports to eliminate wasted current consumption on unused pins.
'Finished building target: FrequencySetup.out'
' '

**** Build Finished ****

**** Build of configuration Debug for project FrequencySetup ****

"c:\\ti\\ccsv6\\utils\\bin\\gmake" -k all 
gmake: Nothing to be done for `all'.

**** Build Finished ****

**** Build of configuration Debug for project FrequencySetup ****

"c:\\ti\\ccsv6\\utils\\bin\\gmake" -k all 
'Building file: ../main.c'
'Invoking: MSP430 Compiler'
"c:/ti/ccsv6/tools/compiler/ti-cgt-msp430_4.4.5/bin/cl430" -vmsp --abi=eabi --include_path="c:/ti/ccsv6/ccs_base/msp430/include" --include_path="c:/ti/ccsv6/tools/compiler/ti-cgt-msp430_4.4.5/include" --advice:power=all -g --define=__MSP430G2553__ --diag_warning=225 --diag_wrap=off --display_error_number --printf_support=minimal --preproc_with_compile --preproc_dependency="main.pp"  "../main.c"
"../main.c", line 31: warning #112-D: statement is unreachable
"../main.c", line 30: remark #1527-D: (ULP 2.1) Detected SW delay loop using empty loop. Recommend using a timer module instead
"../main.c", line 64: remark #1530-D: (ULP 5.1) Detected divide operation(s). Recommend moving them to RAM during run time or not using as these are processing/power intensive
"../main.c", line 84: remark #1530-D: (ULP 5.1) Detected divide operation(s). Recommend moving them to RAM during run time or not using as these are processing/power intensive
"../main.c", line 92: remark #1530-D: (ULP 5.1) Detected divide operation(s). Recommend moving them to RAM during run time or not using as these are processing/power intensive
'Finished building: ../main.c'
' '
'Building target: FrequencySetup.out'
'Invoking: MSP430 Linker'
"c:/ti/ccsv6/tools/compiler/ti-cgt-msp430_4.4.5/bin/cl430" -vmsp --abi=eabi --advice:power=all -g --define=__MSP430G2553__ --diag_warning=225 --diag_wrap=off --display_error_number --printf_support=minimal -z -m"FrequencySetup.map" --heap_size=80 --stack_size=80 -i"c:/ti/ccsv6/ccs_base/msp430/include" -i"c:/ti/ccsv6/tools/compiler/ti-cgt-msp430_4.4.5/lib" -i"c:/ti/ccsv6/tools/compiler/ti-cgt-msp430_4.4.5/include" --reread_libs --warn_sections --diag_wrap=off --display_error_number --xml_link_info="FrequencySetup_linkInfo.xml" --rom_model -o "FrequencySetup.out"  "./main.obj" "../lnk_msp430g2553.cmd" -l"libc.a" 
<Linking>
remark #10372-D: (ULP 4.1) Detected uninitialized Port 2 in this project. Recommend initializing all unused ports to eliminate wasted current consumption on unused pins.
remark #10372-D: (ULP 4.1) Detected uninitialized Port 3 in this project. Recommend initializing all unused ports to eliminate wasted current consumption on unused pins.
'Finished building target: FrequencySetup.out'
' '

**** Build Finished ****

**** Build of configuration Debug for project FrequencySetup ****

"c:\\ti\\ccsv6\\utils\\bin\\gmake" -k all 
gmake: Nothing to be done for `all'.

**** Build Finished ****

**** Build of configuration Debug for project FrequencySetup ****

"c:\\ti\\ccsv6\\utils\\bin\\gmake" -k all 
'Building file: ../main.c'
'Invoking: MSP430 Compiler'
"c:/ti/ccsv6/tools/compiler/ti-cgt-msp430_4.4.5/bin/cl430" -vmsp --abi=eabi --include_path="c:/ti/ccsv6/ccs_base/msp430/include" --include_path="c:/ti/ccsv6/tools/compiler/ti-cgt-msp430_4.4.5/include" --advice:power=all -g --define=__MSP430G2553__ --diag_warning=225 --diag_wrap=off --display_error_number --printf_support=minimal --preproc_with_compile --preproc_dependency="main.pp"  "../main.c"
"../main.c", line 29: warning #70-D: integer conversion resulted in truncation
"../main.c", line 31: warning #112-D: statement is unreachable
"../main.c", line 30: remark #1527-D: (ULP 2.1) Detected SW delay loop using empty loop. Recommend using a timer module instead
"../main.c", line 64: remark #1530-D: (ULP 5.1) Detected divide operation(s). Recommend moving them to RAM during run time or not using as these are processing/power intensive
"../main.c", line 84: remark #1530-D: (ULP 5.1) Detected divide operation(s). Recommend moving them to RAM during run time or not using as these are processing/power intensive
'Finished building: ../main.c'
' '
'Building target: FrequencySetup.out'
'Invoking: MSP430 Linker'
"c:/ti/ccsv6/tools/compiler/ti-cgt-msp430_4.4.5/bin/cl430" -vmsp --abi=eabi --advice:power=all -g --define=__MSP430G2553__ --diag_warning=225 --diag_wrap=off --display_error_number --printf_support=minimal -z -m"FrequencySetup.map" --heap_size=80 --stack_size=80 -i"c:/ti/ccsv6/ccs_base/msp430/include" -i"c:/ti/ccsv6/tools/compiler/ti-cgt-msp430_4.4.5/lib" -i"c:/ti/ccsv6/tools/compiler/ti-cgt-msp430_4.4.5/include" --reread_libs --warn_sections --diag_wrap=off --display_error_number --xml_link_info="FrequencySetup_linkInfo.xml" --rom_model -o "FrequencySetup.out"  "./main.obj" "../lnk_msp430g2553.cmd" -l"libc.a" 
<Linking>
remark #10372-D: (ULP 4.1) Detected uninitialized Port 2 in this project. Recommend initializing all unused ports to eliminate wasted current consumption on unused pins.
remark #10372-D: (ULP 4.1) Detected uninitialized Port 3 in this project. Recommend initializing all unused ports to eliminate wasted current consumption on unused pins.
'Finished building target: FrequencySetup.out'
' '

**** Build Finished ****

**** Build of configuration Debug for project FrequencySetup ****

"c:\\ti\\ccsv6\\utils\\bin\\gmake" -k all 
'Building file: ../main.c'
'Invoking: MSP430 Compiler'
"c:/ti/ccsv6/tools/compiler/ti-cgt-msp430_4.4.5/bin/cl430" -vmsp --abi=eabi --include_path="c:/ti/ccsv6/ccs_base/msp430/include" --include_path="c:/ti/ccsv6/tools/compiler/ti-cgt-msp430_4.4.5/include" --advice:power=all -g --define=__MSP430G2553__ --diag_warning=225 --diag_wrap=off --display_error_number --printf_support=minimal --preproc_with_compile --preproc_dependency="main.pp"  "../main.c"
"../main.c", line 29: warning #70-D: integer conversion resulted in truncation
"../main.c", line 31: warning #112-D: statement is unreachable
"../main.c", line 30: remark #1527-D: (ULP 2.1) Detected SW delay loop using empty loop. Recommend using a timer module instead
"../main.c", line 64: remark #1530-D: (ULP 5.1) Detected divide operation(s). Recommend moving them to RAM during run time or not using as these are processing/power intensive
"../main.c", line 84: remark #1530-D: (ULP 5.1) Detected divide operation(s). Recommend moving them to RAM during run time or not using as these are processing/power intensive
'Finished building: ../main.c'
' '
'Building target: FrequencySetup.out'
'Invoking: MSP430 Linker'
"c:/ti/ccsv6/tools/compiler/ti-cgt-msp430_4.4.5/bin/cl430" -vmsp --abi=eabi --advice:power=all -g --define=__MSP430G2553__ --diag_warning=225 --diag_wrap=off --display_error_number --printf_support=minimal -z -m"FrequencySetup.map" --heap_size=80 --stack_size=80 -i"c:/ti/ccsv6/ccs_base/msp430/include" -i"c:/ti/ccsv6/tools/compiler/ti-cgt-msp430_4.4.5/lib" -i"c:/ti/ccsv6/tools/compiler/ti-cgt-msp430_4.4.5/include" --reread_libs --warn_sections --diag_wrap=off --display_error_number --xml_link_info="FrequencySetup_linkInfo.xml" --rom_model -o "FrequencySetup.out"  "./main.obj" "../lnk_msp430g2553.cmd" -l"libc.a" 
<Linking>
remark #10372-D: (ULP 4.1) Detected uninitialized Port 2 in this project. Recommend initializing all unused ports to eliminate wasted current consumption on unused pins.
remark #10372-D: (ULP 4.1) Detected uninitialized Port 3 in this project. Recommend initializing all unused ports to eliminate wasted current consumption on unused pins.
'Finished building target: FrequencySetup.out'
' '

**** Build Finished ****

**** Build of configuration Debug for project FrequencySetup ****

"c:\\ti\\ccsv6\\utils\\bin\\gmake" -k all 
gmake: Nothing to be done for `all'.

**** Build Finished ****

**** Build of configuration Debug for project FrequencySetup ****

"c:\\ti\\ccsv6\\utils\\bin\\gmake" -k all 
gmake: Nothing to be done for `all'.

**** Build Finished ****

**** Build of configuration Debug for project FrequencySetup ****

"c:\\ti\\ccsv6\\utils\\bin\\gmake" -k all 
gmake: Nothing to be done for `all'.

**** Build Finished ****

**** Build of configuration Debug for project FrequencySetup ****

"c:\\ti\\ccsv6\\utils\\bin\\gmake" -k all 
'Building file: ../main.c'
'Invoking: MSP430 Compiler'
"c:/ti/ccsv6/tools/compiler/ti-cgt-msp430_4.4.5/bin/cl430" -vmsp --abi=eabi --include_path="c:/ti/ccsv6/ccs_base/msp430/include" --include_path="c:/ti/ccsv6/tools/compiler/ti-cgt-msp430_4.4.5/include" --advice:power=all -g --define=__MSP430G2553__ --diag_warning=225 --diag_wrap=off --display_error_number --printf_support=minimal --preproc_with_compile --preproc_dependency="main.pp"  "../main.c"
"../main.c", line 29: warning #70-D: integer conversion resulted in truncation
"../main.c", line 31: warning #112-D: statement is unreachable
"../main.c", line 30: remark #1527-D: (ULP 2.1) Detected SW delay loop using empty loop. Recommend using a timer module instead
"../main.c", line 64: remark #1530-D: (ULP 5.1) Detected divide operation(s). Recommend moving them to RAM during run time or not using as these are processing/power intensive
"../main.c", line 84: remark #1530-D: (ULP 5.1) Detected divide operation(s). Recommend moving them to RAM during run time or not using as these are processing/power intensive
'Finished building: ../main.c'
' '
'Building target: FrequencySetup.out'
'Invoking: MSP430 Linker'
"c:/ti/ccsv6/tools/compiler/ti-cgt-msp430_4.4.5/bin/cl430" -vmsp --abi=eabi --advice:power=all -g --define=__MSP430G2553__ --diag_warning=225 --diag_wrap=off --display_error_number --printf_support=minimal -z -m"FrequencySetup.map" --heap_size=80 --stack_size=80 -i"c:/ti/ccsv6/ccs_base/msp430/include" -i"c:/ti/ccsv6/tools/compiler/ti-cgt-msp430_4.4.5/lib" -i"c:/ti/ccsv6/tools/compiler/ti-cgt-msp430_4.4.5/include" --reread_libs --warn_sections --diag_wrap=off --display_error_number --xml_link_info="FrequencySetup_linkInfo.xml" --rom_model -o "FrequencySetup.out"  "./main.obj" "../lnk_msp430g2553.cmd" -l"libc.a" 
<Linking>
remark #10372-D: (ULP 4.1) Detected uninitialized Port 2 in this project. Recommend initializing all unused ports to eliminate wasted current consumption on unused pins.
remark #10372-D: (ULP 4.1) Detected uninitialized Port 3 in this project. Recommend initializing all unused ports to eliminate wasted current consumption on unused pins.
'Finished building target: FrequencySetup.out'
' '

**** Build Finished ****

**** Build of configuration Debug for project FrequencySetup ****

"c:\\ti\\ccsv6\\utils\\bin\\gmake" -k all 
gmake: Nothing to be done for `all'.

**** Build Finished ****

**** Build of configuration Debug for project FrequencySetup ****

"c:\\ti\\ccsv6\\utils\\bin\\gmake" -k all 
'Building file: ../main.c'
'Invoking: MSP430 Compiler'
"c:/ti/ccsv6/tools/compiler/ti-cgt-msp430_4.4.5/bin/cl430" -vmsp --abi=eabi --include_path="c:/ti/ccsv6/ccs_base/msp430/include" --include_path="c:/ti/ccsv6/tools/compiler/ti-cgt-msp430_4.4.5/include" --advice:power=all -g --define=__MSP430G2553__ --diag_warning=225 --diag_wrap=off --display_error_number --printf_support=minimal --preproc_with_compile --preproc_dependency="main.pp"  "../main.c"
"../main.c", line 29: warning #70-D: integer conversion resulted in truncation
"../main.c", line 31: warning #112-D: statement is unreachable
"../main.c", line 30: remark #1527-D: (ULP 2.1) Detected SW delay loop using empty loop. Recommend using a timer module instead
"../main.c", line 64: remark #1530-D: (ULP 5.1) Detected divide operation(s). Recommend moving them to RAM during run time or not using as these are processing/power intensive
"../main.c", line 84: remark #1530-D: (ULP 5.1) Detected divide operation(s). Recommend moving them to RAM during run time or not using as these are processing/power intensive
'Finished building: ../main.c'
' '
'Building target: FrequencySetup.out'
'Invoking: MSP430 Linker'
"c:/ti/ccsv6/tools/compiler/ti-cgt-msp430_4.4.5/bin/cl430" -vmsp --abi=eabi --advice:power=all -g --define=__MSP430G2553__ --diag_warning=225 --diag_wrap=off --display_error_number --printf_support=minimal -z -m"FrequencySetup.map" --heap_size=80 --stack_size=80 -i"c:/ti/ccsv6/ccs_base/msp430/include" -i"c:/ti/ccsv6/tools/compiler/ti-cgt-msp430_4.4.5/lib" -i"c:/ti/ccsv6/tools/compiler/ti-cgt-msp430_4.4.5/include" --reread_libs --warn_sections --diag_wrap=off --display_error_number --xml_link_info="FrequencySetup_linkInfo.xml" --rom_model -o "FrequencySetup.out"  "./main.obj" "../lnk_msp430g2553.cmd" -l"libc.a" 
<Linking>
remark #10372-D: (ULP 4.1) Detected uninitialized Port 2 in this project. Recommend initializing all unused ports to eliminate wasted current consumption on unused pins.
remark #10372-D: (ULP 4.1) Detected uninitialized Port 3 in this project. Recommend initializing all unused ports to eliminate wasted current consumption on unused pins.
'Finished building target: FrequencySetup.out'
' '

**** Build Finished ****

**** Build of configuration Debug for project FrequencySetup ****

"c:\\ti\\ccsv6\\utils\\bin\\gmake" -k all 
'Building file: ../main.c'
'Invoking: MSP430 Compiler'
"c:/ti/ccsv6/tools/compiler/ti-cgt-msp430_4.4.5/bin/cl430" -vmsp --abi=eabi --include_path="c:/ti/ccsv6/ccs_base/msp430/include" --include_path="c:/ti/ccsv6/tools/compiler/ti-cgt-msp430_4.4.5/include" --advice:power=all -g --define=__MSP430G2553__ --diag_warning=225 --diag_wrap=off --display_error_number --printf_support=minimal --preproc_with_compile --preproc_dependency="main.pp"  "../main.c"
"../main.c", line 29: warning #70-D: integer conversion resulted in truncation
"../main.c", line 31: warning #112-D: statement is unreachable
"../main.c", line 30: remark #1527-D: (ULP 2.1) Detected SW delay loop using empty loop. Recommend using a timer module instead
"../main.c", line 64: remark #1530-D: (ULP 5.1) Detected divide operation(s). Recommend moving them to RAM during run time or not using as these are processing/power intensive
"../main.c", line 84: remark #1530-D: (ULP 5.1) Detected divide operation(s). Recommend moving them to RAM during run time or not using as these are processing/power intensive
'Finished building: ../main.c'
' '
'Building target: FrequencySetup.out'
'Invoking: MSP430 Linker'
"c:/ti/ccsv6/tools/compiler/ti-cgt-msp430_4.4.5/bin/cl430" -vmsp --abi=eabi --advice:power=all -g --define=__MSP430G2553__ --diag_warning=225 --diag_wrap=off --display_error_number --printf_support=minimal -z -m"FrequencySetup.map" --heap_size=80 --stack_size=80 -i"c:/ti/ccsv6/ccs_base/msp430/include" -i"c:/ti/ccsv6/tools/compiler/ti-cgt-msp430_4.4.5/lib" -i"c:/ti/ccsv6/tools/compiler/ti-cgt-msp430_4.4.5/include" --reread_libs --warn_sections --diag_wrap=off --display_error_number --xml_link_info="FrequencySetup_linkInfo.xml" --rom_model -o "FrequencySetup.out"  "./main.obj" "../lnk_msp430g2553.cmd" -l"libc.a" 
<Linking>
remark #10372-D: (ULP 4.1) Detected uninitialized Port 2 in this project. Recommend initializing all unused ports to eliminate wasted current consumption on unused pins.
remark #10372-D: (ULP 4.1) Detected uninitialized Port 3 in this project. Recommend initializing all unused ports to eliminate wasted current consumption on unused pins.
'Finished building target: FrequencySetup.out'
' '

**** Build Finished ****

**** Build of configuration Debug for project FrequencySetup ****

"c:\\ti\\ccsv6\\utils\\bin\\gmake" -k all 
'Building file: ../main.c'
'Invoking: MSP430 Compiler'
"c:/ti/ccsv6/tools/compiler/ti-cgt-msp430_4.4.5/bin/cl430" -vmsp --abi=eabi --include_path="c:/ti/ccsv6/ccs_base/msp430/include" --include_path="c:/ti/ccsv6/tools/compiler/ti-cgt-msp430_4.4.5/include" --advice:power=all -g --define=__MSP430G2553__ --diag_warning=225 --diag_wrap=off --display_error_number --printf_support=minimal --preproc_with_compile --preproc_dependency="main.pp"  "../main.c"
"../main.c", line 31: warning #112-D: statement is unreachable
"../main.c", line 30: remark #1527-D: (ULP 2.1) Detected SW delay loop using empty loop. Recommend using a timer module instead
"../main.c", line 64: remark #1530-D: (ULP 5.1) Detected divide operation(s). Recommend moving them to RAM during run time or not using as these are processing/power intensive
"../main.c", line 84: remark #1530-D: (ULP 5.1) Detected divide operation(s). Recommend moving them to RAM during run time or not using as these are processing/power intensive
'Finished building: ../main.c'
' '
'Building target: FrequencySetup.out'
'Invoking: MSP430 Linker'
"c:/ti/ccsv6/tools/compiler/ti-cgt-msp430_4.4.5/bin/cl430" -vmsp --abi=eabi --advice:power=all -g --define=__MSP430G2553__ --diag_warning=225 --diag_wrap=off --display_error_number --printf_support=minimal -z -m"FrequencySetup.map" --heap_size=80 --stack_size=80 -i"c:/ti/ccsv6/ccs_base/msp430/include" -i"c:/ti/ccsv6/tools/compiler/ti-cgt-msp430_4.4.5/lib" -i"c:/ti/ccsv6/tools/compiler/ti-cgt-msp430_4.4.5/include" --reread_libs --warn_sections --diag_wrap=off --display_error_number --xml_link_info="FrequencySetup_linkInfo.xml" --rom_model -o "FrequencySetup.out"  "./main.obj" "../lnk_msp430g2553.cmd" -l"libc.a" 
<Linking>
remark #10372-D: (ULP 4.1) Detected uninitialized Port 2 in this project. Recommend initializing all unused ports to eliminate wasted current consumption on unused pins.
remark #10372-D: (ULP 4.1) Detected uninitialized Port 3 in this project. Recommend initializing all unused ports to eliminate wasted current consumption on unused pins.
'Finished building target: FrequencySetup.out'
' '

**** Build Finished ****

**** Build of configuration Debug for project FrequencySetup ****

"c:\\ti\\ccsv6\\utils\\bin\\gmake" -k all 
'Building file: ../main.c'
'Invoking: MSP430 Compiler'
"c:/ti/ccsv6/tools/compiler/ti-cgt-msp430_4.4.5/bin/cl430" -vmsp --abi=eabi --include_path="c:/ti/ccsv6/ccs_base/msp430/include" --include_path="c:/ti/ccsv6/tools/compiler/ti-cgt-msp430_4.4.5/include" --advice:power=all -g --define=__MSP430G2553__ --diag_warning=225 --diag_wrap=off --display_error_number --printf_support=minimal --preproc_with_compile --preproc_dependency="main.pp"  "../main.c"
"../main.c", line 31: warning #112-D: statement is unreachable
"../main.c", line 30: remark #1527-D: (ULP 2.1) Detected SW delay loop using empty loop. Recommend using a timer module instead
"../main.c", line 64: remark #1530-D: (ULP 5.1) Detected divide operation(s). Recommend moving them to RAM during run time or not using as these are processing/power intensive
"../main.c", line 84: remark #1530-D: (ULP 5.1) Detected divide operation(s). Recommend moving them to RAM during run time or not using as these are processing/power intensive
'Finished building: ../main.c'
' '
'Building target: FrequencySetup.out'
'Invoking: MSP430 Linker'
"c:/ti/ccsv6/tools/compiler/ti-cgt-msp430_4.4.5/bin/cl430" -vmsp --abi=eabi --advice:power=all -g --define=__MSP430G2553__ --diag_warning=225 --diag_wrap=off --display_error_number --printf_support=minimal -z -m"FrequencySetup.map" --heap_size=80 --stack_size=80 -i"c:/ti/ccsv6/ccs_base/msp430/include" -i"c:/ti/ccsv6/tools/compiler/ti-cgt-msp430_4.4.5/lib" -i"c:/ti/ccsv6/tools/compiler/ti-cgt-msp430_4.4.5/include" --reread_libs --warn_sections --diag_wrap=off --display_error_number --xml_link_info="FrequencySetup_linkInfo.xml" --rom_model -o "FrequencySetup.out"  "./main.obj" "../lnk_msp430g2553.cmd" -l"libc.a" 
<Linking>
remark #10372-D: (ULP 4.1) Detected uninitialized Port 2 in this project. Recommend initializing all unused ports to eliminate wasted current consumption on unused pins.
remark #10372-D: (ULP 4.1) Detected uninitialized Port 3 in this project. Recommend initializing all unused ports to eliminate wasted current consumption on unused pins.
'Finished building target: FrequencySetup.out'
' '

**** Build Finished ****

**** Build of configuration Debug for project FrequencySetup ****

"c:\\ti\\ccsv6\\utils\\bin\\gmake" -k all 
'Building file: ../main.c'
'Invoking: MSP430 Compiler'
"c:/ti/ccsv6/tools/compiler/ti-cgt-msp430_4.4.5/bin/cl430" -vmsp --abi=eabi --include_path="c:/ti/ccsv6/ccs_base/msp430/include" --include_path="c:/ti/ccsv6/tools/compiler/ti-cgt-msp430_4.4.5/include" --advice:power=all -g --define=__MSP430G2553__ --diag_warning=225 --diag_wrap=off --display_error_number --printf_support=minimal --preproc_with_compile --preproc_dependency="main.pp"  "../main.c"
"../main.c", line 31: warning #112-D: statement is unreachable
"../main.c", line 30: remark #1527-D: (ULP 2.1) Detected SW delay loop using empty loop. Recommend using a timer module instead
"../main.c", line 64: remark #1530-D: (ULP 5.1) Detected divide operation(s). Recommend moving them to RAM during run time or not using as these are processing/power intensive
"../main.c", line 84: remark #1530-D: (ULP 5.1) Detected divide operation(s). Recommend moving them to RAM during run time or not using as these are processing/power intensive
'Finished building: ../main.c'
' '
'Building target: FrequencySetup.out'
'Invoking: MSP430 Linker'
"c:/ti/ccsv6/tools/compiler/ti-cgt-msp430_4.4.5/bin/cl430" -vmsp --abi=eabi --advice:power=all -g --define=__MSP430G2553__ --diag_warning=225 --diag_wrap=off --display_error_number --printf_support=minimal -z -m"FrequencySetup.map" --heap_size=80 --stack_size=80 -i"c:/ti/ccsv6/ccs_base/msp430/include" -i"c:/ti/ccsv6/tools/compiler/ti-cgt-msp430_4.4.5/lib" -i"c:/ti/ccsv6/tools/compiler/ti-cgt-msp430_4.4.5/include" --reread_libs --warn_sections --diag_wrap=off --display_error_number --xml_link_info="FrequencySetup_linkInfo.xml" --rom_model -o "FrequencySetup.out"  "./main.obj" "../lnk_msp430g2553.cmd" -l"libc.a" 
<Linking>
remark #10372-D: (ULP 4.1) Detected uninitialized Port 2 in this project. Recommend initializing all unused ports to eliminate wasted current consumption on unused pins.
remark #10372-D: (ULP 4.1) Detected uninitialized Port 3 in this project. Recommend initializing all unused ports to eliminate wasted current consumption on unused pins.
'Finished building target: FrequencySetup.out'
' '

**** Build Finished ****

**** Build of configuration Debug for project FrequencySetup ****

"c:\\ti\\ccsv6\\utils\\bin\\gmake" -k all 
'Building file: ../main.c'
'Invoking: MSP430 Compiler'
"c:/ti/ccsv6/tools/compiler/ti-cgt-msp430_4.4.5/bin/cl430" -vmsp --abi=eabi --include_path="c:/ti/ccsv6/ccs_base/msp430/include" --include_path="c:/ti/ccsv6/tools/compiler/ti-cgt-msp430_4.4.5/include" --advice:power=all -g --define=__MSP430G2553__ --diag_warning=225 --diag_wrap=off --display_error_number --printf_support=minimal --preproc_with_compile --preproc_dependency="main.pp"  "../main.c"
"../main.c", line 31: warning #112-D: statement is unreachable
"../main.c", line 30: remark #1527-D: (ULP 2.1) Detected SW delay loop using empty loop. Recommend using a timer module instead
"../main.c", line 64: remark #1530-D: (ULP 5.1) Detected divide operation(s). Recommend moving them to RAM during run time or not using as these are processing/power intensive
"../main.c", line 84: remark #1530-D: (ULP 5.1) Detected divide operation(s). Recommend moving them to RAM during run time or not using as these are processing/power intensive
'Finished building: ../main.c'
' '
'Building target: FrequencySetup.out'
'Invoking: MSP430 Linker'
"c:/ti/ccsv6/tools/compiler/ti-cgt-msp430_4.4.5/bin/cl430" -vmsp --abi=eabi --advice:power=all -g --define=__MSP430G2553__ --diag_warning=225 --diag_wrap=off --display_error_number --printf_support=minimal -z -m"FrequencySetup.map" --heap_size=80 --stack_size=80 -i"c:/ti/ccsv6/ccs_base/msp430/include" -i"c:/ti/ccsv6/tools/compiler/ti-cgt-msp430_4.4.5/lib" -i"c:/ti/ccsv6/tools/compiler/ti-cgt-msp430_4.4.5/include" --reread_libs --warn_sections --diag_wrap=off --display_error_number --xml_link_info="FrequencySetup_linkInfo.xml" --rom_model -o "FrequencySetup.out"  "./main.obj" "../lnk_msp430g2553.cmd" -l"libc.a" 
<Linking>
remark #10372-D: (ULP 4.1) Detected uninitialized Port 2 in this project. Recommend initializing all unused ports to eliminate wasted current consumption on unused pins.
remark #10372-D: (ULP 4.1) Detected uninitialized Port 3 in this project. Recommend initializing all unused ports to eliminate wasted current consumption on unused pins.
'Finished building target: FrequencySetup.out'
' '

**** Build Finished ****

**** Build of configuration Debug for project FrequencySetup ****

"c:\\ti\\ccsv6\\utils\\bin\\gmake" -k all 
'Building file: ../main.c'
'Invoking: MSP430 Compiler'
"c:/ti/ccsv6/tools/compiler/ti-cgt-msp430_4.4.5/bin/cl430" -vmsp --abi=eabi --include_path="c:/ti/ccsv6/ccs_base/msp430/include" --include_path="c:/ti/ccsv6/tools/compiler/ti-cgt-msp430_4.4.5/include" --advice:power=all -g --define=__MSP430G2553__ --diag_warning=225 --diag_wrap=off --display_error_number --printf_support=minimal --preproc_with_compile --preproc_dependency="main.pp"  "../main.c"
"../main.c", line 31: warning #112-D: statement is unreachable
"../main.c", line 30: remark #1527-D: (ULP 2.1) Detected SW delay loop using empty loop. Recommend using a timer module instead
"../main.c", line 64: remark #1530-D: (ULP 5.1) Detected divide operation(s). Recommend moving them to RAM during run time or not using as these are processing/power intensive
"../main.c", line 84: remark #1530-D: (ULP 5.1) Detected divide operation(s). Recommend moving them to RAM during run time or not using as these are processing/power intensive
'Finished building: ../main.c'
' '
'Building target: FrequencySetup.out'
'Invoking: MSP430 Linker'
"c:/ti/ccsv6/tools/compiler/ti-cgt-msp430_4.4.5/bin/cl430" -vmsp --abi=eabi --advice:power=all -g --define=__MSP430G2553__ --diag_warning=225 --diag_wrap=off --display_error_number --printf_support=minimal -z -m"FrequencySetup.map" --heap_size=80 --stack_size=80 -i"c:/ti/ccsv6/ccs_base/msp430/include" -i"c:/ti/ccsv6/tools/compiler/ti-cgt-msp430_4.4.5/lib" -i"c:/ti/ccsv6/tools/compiler/ti-cgt-msp430_4.4.5/include" --reread_libs --warn_sections --diag_wrap=off --display_error_number --xml_link_info="FrequencySetup_linkInfo.xml" --rom_model -o "FrequencySetup.out"  "./main.obj" "../lnk_msp430g2553.cmd" -l"libc.a" 
<Linking>
remark #10372-D: (ULP 4.1) Detected uninitialized Port 2 in this project. Recommend initializing all unused ports to eliminate wasted current consumption on unused pins.
remark #10372-D: (ULP 4.1) Detected uninitialized Port 3 in this project. Recommend initializing all unused ports to eliminate wasted current consumption on unused pins.
'Finished building target: FrequencySetup.out'
' '

**** Build Finished ****

**** Build of configuration Debug for project FrequencySetup ****

"c:\\ti\\ccsv6\\utils\\bin\\gmake" -k all 
'Building file: ../main.c'
'Invoking: MSP430 Compiler'
"c:/ti/ccsv6/tools/compiler/ti-cgt-msp430_4.4.5/bin/cl430" -vmsp --abi=eabi --include_path="c:/ti/ccsv6/ccs_base/msp430/include" --include_path="c:/ti/ccsv6/tools/compiler/ti-cgt-msp430_4.4.5/include" --advice:power=all -g --define=__MSP430G2553__ --diag_warning=225 --diag_wrap=off --display_error_number --printf_support=minimal --preproc_with_compile --preproc_dependency="main.pp"  "../main.c"
"../main.c", line 31: warning #112-D: statement is unreachable
"../main.c", line 30: remark #1527-D: (ULP 2.1) Detected SW delay loop using empty loop. Recommend using a timer module instead
"../main.c", line 64: remark #1530-D: (ULP 5.1) Detected divide operation(s). Recommend moving them to RAM during run time or not using as these are processing/power intensive
"../main.c", line 84: remark #1530-D: (ULP 5.1) Detected divide operation(s). Recommend moving them to RAM during run time or not using as these are processing/power intensive
'Finished building: ../main.c'
' '
'Building target: FrequencySetup.out'
'Invoking: MSP430 Linker'
"c:/ti/ccsv6/tools/compiler/ti-cgt-msp430_4.4.5/bin/cl430" -vmsp --abi=eabi --advice:power=all -g --define=__MSP430G2553__ --diag_warning=225 --diag_wrap=off --display_error_number --printf_support=minimal -z -m"FrequencySetup.map" --heap_size=80 --stack_size=80 -i"c:/ti/ccsv6/ccs_base/msp430/include" -i"c:/ti/ccsv6/tools/compiler/ti-cgt-msp430_4.4.5/lib" -i"c:/ti/ccsv6/tools/compiler/ti-cgt-msp430_4.4.5/include" --reread_libs --warn_sections --diag_wrap=off --display_error_number --xml_link_info="FrequencySetup_linkInfo.xml" --rom_model -o "FrequencySetup.out"  "./main.obj" "../lnk_msp430g2553.cmd" -l"libc.a" 
<Linking>
remark #10372-D: (ULP 4.1) Detected uninitialized Port 2 in this project. Recommend initializing all unused ports to eliminate wasted current consumption on unused pins.
remark #10372-D: (ULP 4.1) Detected uninitialized Port 3 in this project. Recommend initializing all unused ports to eliminate wasted current consumption on unused pins.
'Finished building target: FrequencySetup.out'
' '

**** Build Finished ****
