
**** Build of configuration Debug for project ADCtest ****

"C:\\ti\\ccsv6\\utils\\bin\\gmake" -k all 
gmake: Nothing to be done for `all'.

**** Build Finished ****

**** Build of configuration Debug for project ADCtest ****

"C:\\ti\\ccsv6\\utils\\bin\\gmake" -k all 
gmake: Nothing to be done for `all'.

**** Build Finished ****

**** Build of configuration Debug for project ADCtest ****

"C:\\ti\\ccsv6\\utils\\bin\\gmake" -k all 
gmake: Nothing to be done for `all'.

**** Build Finished ****

**** Build of configuration Debug for project ADCtest ****

"C:\\ti\\ccsv6\\utils\\bin\\gmake" -k all 
gmake: Nothing to be done for `all'.

**** Build Finished ****

**** Build of configuration Debug for project ADCtest ****

"C:\\ti\\ccsv6\\utils\\bin\\gmake" -k all 
gmake: Nothing to be done for `all'.

**** Build Finished ****

**** Build of configuration Debug for project ADCtest ****

"C:\\ti\\ccsv6\\utils\\bin\\gmake" -k all 
gmake: Nothing to be done for `all'.

**** Build Finished ****

**** Build of configuration Debug for project ADCtest ****

"C:\\ti\\ccsv6\\utils\\bin\\gmake" -k all 
gmake: Nothing to be done for `all'.

**** Build Finished ****

**** Build of configuration Debug for project ADCtest ****

"C:\\ti\\ccsv6\\utils\\bin\\gmake" -k all 
gmake: Nothing to be done for `all'.

**** Build Finished ****

**** Build of configuration Debug for project ADCtest ****

"C:\\ti\\ccsv6\\utils\\bin\\gmake" -k all 
gmake: Nothing to be done for `all'.

**** Build Finished ****

**** Build of configuration Debug for project ADCtest ****

"C:\\ti\\ccsv6\\utils\\bin\\gmake" -k all 
gmake: Nothing to be done for `all'.

**** Build Finished ****

**** Build of configuration Debug for project ADCtest ****

"C:\\ti\\ccsv6\\utils\\bin\\gmake" -k all 
gmake: Nothing to be done for `all'.

**** Build Finished ****

**** Build of configuration Debug for project ADCtest ****

"C:\\ti\\ccsv6\\utils\\bin\\gmake" -k all 
gmake: Nothing to be done for `all'.

**** Build Finished ****

**** Build of configuration Debug for project ADCtest ****

"C:\\ti\\ccsv6\\utils\\bin\\gmake" -k all 
gmake: Nothing to be done for `all'.

**** Build Finished ****

**** Build of configuration Debug for project ADCtest ****

"C:\\ti\\ccsv6\\utils\\bin\\gmake" -k all 
gmake: Nothing to be done for `all'.

**** Build Finished ****

**** Build of configuration Debug for project ADCtest ****

"C:\\ti\\ccsv6\\utils\\bin\\gmake" -k all 
'Building file: ../main.c'
'Invoking: MSP430 Compiler'
"C:/ti/ccsv6/tools/compiler/ti-cgt-msp430_4.4.5/bin/cl430" -vmsp --abi=eabi --use_hw_mpy=none --include_path="C:/ti/ccsv6/ccs_base/msp430/include" --include_path="C:/ti/ccsv6/tools/compiler/ti-cgt-msp430_4.4.5/include" --advice:power=all -g --define=__MSP430G2553__ --diag_warning=225 --diag_wrap=off --display_error_number --printf_support=minimal --preproc_with_compile --preproc_dependency="main.pp"  "../main.c"
"../main.c", line 47: remark #1527-D: (ULP 2.1) Detected SW delay loop using empty loop. Recommend using a timer module instead
'Finished building: ../main.c'
' '
'Building target: ADCtest.out'
'Invoking: MSP430 Linker'
"C:/ti/ccsv6/tools/compiler/ti-cgt-msp430_4.4.5/bin/cl430" -vmsp --abi=eabi --use_hw_mpy=none --advice:power=all -g --define=__MSP430G2553__ --diag_warning=225 --diag_wrap=off --display_error_number --printf_support=minimal -z -m"ADCtest.map" --heap_size=80 --stack_size=80 -i"C:/ti/ccsv6/ccs_base/msp430/include" -i"C:/ti/ccsv6/tools/compiler/ti-cgt-msp430_4.4.5/lib" -i"C:/ti/ccsv6/tools/compiler/ti-cgt-msp430_4.4.5/include" --reread_libs --warn_sections --diag_wrap=off --display_error_number --xml_link_info="ADCtest_linkInfo.xml" --use_hw_mpy=none --rom_model -o "ADCtest.out" "./main.obj" "../lnk_msp430g2553.cmd"  -l"libc.a" 
<Linking>
remark #10372-D: (ULP 4.1) Detected uninitialized Port 3 in this project. Recommend initializing all unused ports to eliminate wasted current consumption on unused pins.
'Finished building target: ADCtest.out'
' '

**** Build Finished ****

**** Build of configuration Debug for project ADCtest ****

"C:\\ti\\ccsv6\\utils\\bin\\gmake" -k all 
'Building file: ../main.c'
'Invoking: MSP430 Compiler'
"C:/ti/ccsv6/tools/compiler/ti-cgt-msp430_4.4.5/bin/cl430" -vmsp --abi=eabi --use_hw_mpy=none --include_path="C:/ti/ccsv6/ccs_base/msp430/include" --include_path="C:/ti/ccsv6/tools/compiler/ti-cgt-msp430_4.4.5/include" --advice:power=all -g --define=__MSP430G2553__ --diag_warning=225 --diag_wrap=off --display_error_number --printf_support=minimal --preproc_with_compile --preproc_dependency="main.pp"  "../main.c"
"../main.c", line 46: remark #1527-D: (ULP 2.1) Detected SW delay loop using empty loop. Recommend using a timer module instead
'Finished building: ../main.c'
' '
'Building target: ADCtest.out'
'Invoking: MSP430 Linker'
"C:/ti/ccsv6/tools/compiler/ti-cgt-msp430_4.4.5/bin/cl430" -vmsp --abi=eabi --use_hw_mpy=none --advice:power=all -g --define=__MSP430G2553__ --diag_warning=225 --diag_wrap=off --display_error_number --printf_support=minimal -z -m"ADCtest.map" --heap_size=80 --stack_size=80 -i"C:/ti/ccsv6/ccs_base/msp430/include" -i"C:/ti/ccsv6/tools/compiler/ti-cgt-msp430_4.4.5/lib" -i"C:/ti/ccsv6/tools/compiler/ti-cgt-msp430_4.4.5/include" --reread_libs --warn_sections --diag_wrap=off --display_error_number --xml_link_info="ADCtest_linkInfo.xml" --use_hw_mpy=none --rom_model -o "ADCtest.out" "./main.obj" "../lnk_msp430g2553.cmd"  -l"libc.a" 
<Linking>
remark #10372-D: (ULP 4.1) Detected uninitialized Port 3 in this project. Recommend initializing all unused ports to eliminate wasted current consumption on unused pins.
'Finished building target: ADCtest.out'
' '

**** Build Finished ****

**** Build of configuration Debug for project ADCtest ****

"C:\\ti\\ccsv6\\utils\\bin\\gmake" -k all 
'Building file: ../main.c'
'Invoking: MSP430 Compiler'
"C:/ti/ccsv6/tools/compiler/ti-cgt-msp430_4.4.5/bin/cl430" -vmsp --abi=eabi --use_hw_mpy=none --include_path="C:/ti/ccsv6/ccs_base/msp430/include" --include_path="C:/ti/ccsv6/tools/compiler/ti-cgt-msp430_4.4.5/include" --advice:power=all -g --define=__MSP430G2553__ --diag_warning=225 --diag_wrap=off --display_error_number --printf_support=minimal --preproc_with_compile --preproc_dependency="main.pp"  "../main.c"
'Finished building: ../main.c'
' '
'Building target: ADCtest.out'
'Invoking: MSP430 Linker'
"C:/ti/ccsv6/tools/compiler/ti-cgt-msp430_4.4.5/bin/cl430" -vmsp --abi=eabi --use_hw_mpy=none --advice:power=all -g --define=__MSP430G2553__ --diag_warning=225 --diag_wrap=off --display_error_number --printf_support=minimal -z -m"ADCtest.map" --heap_size=80 --stack_size=80 -i"C:/ti/ccsv6/ccs_base/msp430/include" -i"C:/ti/ccsv6/tools/compiler/ti-cgt-msp430_4.4.5/lib" -i"C:/ti/ccsv6/tools/compiler/ti-cgt-msp430_4.4.5/include" --reread_libs --warn_sections --diag_wrap=off --display_error_number --xml_link_info="ADCtest_linkInfo.xml" --use_hw_mpy=none --rom_model -o "ADCtest.out" "./main.obj" "../lnk_msp430g2553.cmd"  -l"libc.a" 
<Linking>
remark #10372-D: (ULP 4.1) Detected uninitialized Port 3 in this project. Recommend initializing all unused ports to eliminate wasted current consumption on unused pins.
'Finished building target: ADCtest.out'
' '

**** Build Finished ****

**** Build of configuration Debug for project ADCtest ****

"C:\\ti\\ccsv6\\utils\\bin\\gmake" -k all 
'Building file: ../main.c'
'Invoking: MSP430 Compiler'
"C:/ti/ccsv6/tools/compiler/ti-cgt-msp430_4.4.5/bin/cl430" -vmsp --abi=eabi --use_hw_mpy=none --include_path="C:/ti/ccsv6/ccs_base/msp430/include" --include_path="C:/ti/ccsv6/tools/compiler/ti-cgt-msp430_4.4.5/include" --advice:power=all -g --define=__MSP430G2553__ --diag_warning=225 --diag_wrap=off --display_error_number --printf_support=minimal --preproc_with_compile --preproc_dependency="main.pp"  "../main.c"
'Finished building: ../main.c'
' '
'Building target: ADCtest.out'
'Invoking: MSP430 Linker'
"C:/ti/ccsv6/tools/compiler/ti-cgt-msp430_4.4.5/bin/cl430" -vmsp --abi=eabi --use_hw_mpy=none --advice:power=all -g --define=__MSP430G2553__ --diag_warning=225 --diag_wrap=off --display_error_number --printf_support=minimal -z -m"ADCtest.map" --heap_size=80 --stack_size=80 -i"C:/ti/ccsv6/ccs_base/msp430/include" -i"C:/ti/ccsv6/tools/compiler/ti-cgt-msp430_4.4.5/lib" -i"C:/ti/ccsv6/tools/compiler/ti-cgt-msp430_4.4.5/include" --reread_libs --warn_sections --diag_wrap=off --display_error_number --xml_link_info="ADCtest_linkInfo.xml" --use_hw_mpy=none --rom_model -o "ADCtest.out" "./main.obj" "../lnk_msp430g2553.cmd"  -l"libc.a" 
<Linking>
'Finished building target: ADCtest.out'
' '

**** Build Finished ****

**** Build of configuration Debug__opt_for_speed__0 for project ADCtest ****

"C:\\ti\\ccsv6\\utils\\bin\\gmake" -k all 
'Building file: ../main.c'
'Invoking: MSP430 Compiler'
"C:/ti/ccsv6/tools/compiler/ti-cgt-msp430_4.4.5/bin/cl430" -vmsp --abi=eabi --opt_for_speed=0 --use_hw_mpy=none --include_path="C:/ti/ccsv6/ccs_base/msp430/include" --include_path="C:/ti/ccsv6/tools/compiler/ti-cgt-msp430_4.4.5/include" --advice:power=all -g --define=__MSP430G2553__ --diag_warning=225 --diag_wrap=off --display_error_number --printf_support=minimal --preproc_with_compile --preproc_dependency="main.pp"  "../main.c"
'Finished building: ../main.c'
' '
'Building target: ADCtest.out'
'Invoking: MSP430 Linker'
"C:/ti/ccsv6/tools/compiler/ti-cgt-msp430_4.4.5/bin/cl430" -vmsp --abi=eabi --opt_for_speed=0 --use_hw_mpy=none --advice:power=all -g --define=__MSP430G2553__ --diag_warning=225 --diag_wrap=off --display_error_number --printf_support=minimal -z -m"ADCtest.map" --heap_size=80 --stack_size=80 -i"C:/ti/ccsv6/ccs_base/msp430/include" -i"C:/ti/ccsv6/tools/compiler/ti-cgt-msp430_4.4.5/lib" -i"C:/ti/ccsv6/tools/compiler/ti-cgt-msp430_4.4.5/include" --reread_libs --warn_sections --diag_wrap=off --display_error_number --xml_link_info="ADCtest_linkInfo.xml" --use_hw_mpy=none --rom_model -o "ADCtest.out" "./main.obj" "../lnk_msp430g2553.cmd"  -l"libc.a" 
<Linking>
'Finished building target: ADCtest.out'
' '

**** Build Finished ****

**** Build of configuration Debug__opt_for_speed__1 for project ADCtest ****

"C:\\ti\\ccsv6\\utils\\bin\\gmake" -k all 
'Building file: ../main.c'
'Invoking: MSP430 Compiler'
"C:/ti/ccsv6/tools/compiler/ti-cgt-msp430_4.4.5/bin/cl430" -vmsp --abi=eabi --opt_for_speed=1 --use_hw_mpy=none --include_path="C:/ti/ccsv6/ccs_base/msp430/include" --include_path="C:/ti/ccsv6/tools/compiler/ti-cgt-msp430_4.4.5/include" --advice:power=all -g --define=__MSP430G2553__ --diag_warning=225 --diag_wrap=off --display_error_number --printf_support=minimal --preproc_with_compile --preproc_dependency="main.pp"  "../main.c"
'Finished building: ../main.c'
' '
'Building target: ADCtest.out'
'Invoking: MSP430 Linker'
"C:/ti/ccsv6/tools/compiler/ti-cgt-msp430_4.4.5/bin/cl430" -vmsp --abi=eabi --opt_for_speed=1 --use_hw_mpy=none --advice:power=all -g --define=__MSP430G2553__ --diag_warning=225 --diag_wrap=off --display_error_number --printf_support=minimal -z -m"ADCtest.map" --heap_size=80 --stack_size=80 -i"C:/ti/ccsv6/ccs_base/msp430/include" -i"C:/ti/ccsv6/tools/compiler/ti-cgt-msp430_4.4.5/lib" -i"C:/ti/ccsv6/tools/compiler/ti-cgt-msp430_4.4.5/include" --reread_libs --warn_sections --diag_wrap=off --display_error_number --xml_link_info="ADCtest_linkInfo.xml" --use_hw_mpy=none --rom_model -o "ADCtest.out" "./main.obj" "../lnk_msp430g2553.cmd"  -l"libc.a" 
<Linking>
'Finished building target: ADCtest.out'
' '

**** Build Finished ****

**** Build of configuration Debug__opt_for_speed__2 for project ADCtest ****

"C:\\ti\\ccsv6\\utils\\bin\\gmake" -k all 
'Building file: ../main.c'
'Invoking: MSP430 Compiler'
"C:/ti/ccsv6/tools/compiler/ti-cgt-msp430_4.4.5/bin/cl430" -vmsp --abi=eabi --opt_for_speed=2 --use_hw_mpy=none --include_path="C:/ti/ccsv6/ccs_base/msp430/include" --include_path="C:/ti/ccsv6/tools/compiler/ti-cgt-msp430_4.4.5/include" --advice:power=all -g --define=__MSP430G2553__ --diag_warning=225 --diag_wrap=off --display_error_number --printf_support=minimal --preproc_with_compile --preproc_dependency="main.pp"  "../main.c"
'Finished building: ../main.c'
' '
'Building target: ADCtest.out'
'Invoking: MSP430 Linker'
"C:/ti/ccsv6/tools/compiler/ti-cgt-msp430_4.4.5/bin/cl430" -vmsp --abi=eabi --opt_for_speed=2 --use_hw_mpy=none --advice:power=all -g --define=__MSP430G2553__ --diag_warning=225 --diag_wrap=off --display_error_number --printf_support=minimal -z -m"ADCtest.map" --heap_size=80 --stack_size=80 -i"C:/ti/ccsv6/ccs_base/msp430/include" -i"C:/ti/ccsv6/tools/compiler/ti-cgt-msp430_4.4.5/lib" -i"C:/ti/ccsv6/tools/compiler/ti-cgt-msp430_4.4.5/include" --reread_libs --warn_sections --diag_wrap=off --display_error_number --xml_link_info="ADCtest_linkInfo.xml" --use_hw_mpy=none --rom_model -o "ADCtest.out" "./main.obj" "../lnk_msp430g2553.cmd"  -l"libc.a" 
<Linking>
'Finished building target: ADCtest.out'
' '

**** Build Finished ****

**** Build of configuration Debug__opt_for_speed__3 for project ADCtest ****

"C:\\ti\\ccsv6\\utils\\bin\\gmake" -k all 
'Building file: ../main.c'
'Invoking: MSP430 Compiler'
"C:/ti/ccsv6/tools/compiler/ti-cgt-msp430_4.4.5/bin/cl430" -vmsp --abi=eabi --opt_for_speed=3 --use_hw_mpy=none --include_path="C:/ti/ccsv6/ccs_base/msp430/include" --include_path="C:/ti/ccsv6/tools/compiler/ti-cgt-msp430_4.4.5/include" --advice:power=all -g --define=__MSP430G2553__ --diag_warning=225 --diag_wrap=off --display_error_number --printf_support=minimal --preproc_with_compile --preproc_dependency="main.pp"  "../main.c"
'Finished building: ../main.c'
' '
'Building target: ADCtest.out'
'Invoking: MSP430 Linker'
"C:/ti/ccsv6/tools/compiler/ti-cgt-msp430_4.4.5/bin/cl430" -vmsp --abi=eabi --opt_for_speed=3 --use_hw_mpy=none --advice:power=all -g --define=__MSP430G2553__ --diag_warning=225 --diag_wrap=off --display_error_number --printf_support=minimal -z -m"ADCtest.map" --heap_size=80 --stack_size=80 -i"C:/ti/ccsv6/ccs_base/msp430/include" -i"C:/ti/ccsv6/tools/compiler/ti-cgt-msp430_4.4.5/lib" -i"C:/ti/ccsv6/tools/compiler/ti-cgt-msp430_4.4.5/include" --reread_libs --warn_sections --diag_wrap=off --display_error_number --xml_link_info="ADCtest_linkInfo.xml" --use_hw_mpy=none --rom_model -o "ADCtest.out" "./main.obj" "../lnk_msp430g2553.cmd"  -l"libc.a" 
<Linking>
'Finished building target: ADCtest.out'
' '

**** Build Finished ****

**** Build of configuration Debug__opt_for_speed__4 for project ADCtest ****

"C:\\ti\\ccsv6\\utils\\bin\\gmake" -k all 
'Building file: ../main.c'
'Invoking: MSP430 Compiler'
"C:/ti/ccsv6/tools/compiler/ti-cgt-msp430_4.4.5/bin/cl430" -vmsp --abi=eabi --opt_for_speed=4 --use_hw_mpy=none --include_path="C:/ti/ccsv6/ccs_base/msp430/include" --include_path="C:/ti/ccsv6/tools/compiler/ti-cgt-msp430_4.4.5/include" --advice:power=all -g --define=__MSP430G2553__ --diag_warning=225 --diag_wrap=off --display_error_number --printf_support=minimal --preproc_with_compile --preproc_dependency="main.pp"  "../main.c"
'Finished building: ../main.c'
' '
'Building target: ADCtest.out'
'Invoking: MSP430 Linker'
"C:/ti/ccsv6/tools/compiler/ti-cgt-msp430_4.4.5/bin/cl430" -vmsp --abi=eabi --opt_for_speed=4 --use_hw_mpy=none --advice:power=all -g --define=__MSP430G2553__ --diag_warning=225 --diag_wrap=off --display_error_number --printf_support=minimal -z -m"ADCtest.map" --heap_size=80 --stack_size=80 -i"C:/ti/ccsv6/ccs_base/msp430/include" -i"C:/ti/ccsv6/tools/compiler/ti-cgt-msp430_4.4.5/lib" -i"C:/ti/ccsv6/tools/compiler/ti-cgt-msp430_4.4.5/include" --reread_libs --warn_sections --diag_wrap=off --display_error_number --xml_link_info="ADCtest_linkInfo.xml" --use_hw_mpy=none --rom_model -o "ADCtest.out" "./main.obj" "../lnk_msp430g2553.cmd"  -l"libc.a" 
<Linking>
'Finished building target: ADCtest.out'
' '

**** Build Finished ****

**** Build of configuration Debug__opt_for_speed__5 for project ADCtest ****

"C:\\ti\\ccsv6\\utils\\bin\\gmake" -k all 
'Building file: ../main.c'
'Invoking: MSP430 Compiler'
"C:/ti/ccsv6/tools/compiler/ti-cgt-msp430_4.4.5/bin/cl430" -vmsp --abi=eabi --opt_for_speed=5 --use_hw_mpy=none --include_path="C:/ti/ccsv6/ccs_base/msp430/include" --include_path="C:/ti/ccsv6/tools/compiler/ti-cgt-msp430_4.4.5/include" --advice:power=all -g --define=__MSP430G2553__ --diag_warning=225 --diag_wrap=off --display_error_number --printf_support=minimal --preproc_with_compile --preproc_dependency="main.pp"  "../main.c"
'Finished building: ../main.c'
' '
'Building target: ADCtest.out'
'Invoking: MSP430 Linker'
"C:/ti/ccsv6/tools/compiler/ti-cgt-msp430_4.4.5/bin/cl430" -vmsp --abi=eabi --opt_for_speed=5 --use_hw_mpy=none --advice:power=all -g --define=__MSP430G2553__ --diag_warning=225 --diag_wrap=off --display_error_number --printf_support=minimal -z -m"ADCtest.map" --heap_size=80 --stack_size=80 -i"C:/ti/ccsv6/ccs_base/msp430/include" -i"C:/ti/ccsv6/tools/compiler/ti-cgt-msp430_4.4.5/lib" -i"C:/ti/ccsv6/tools/compiler/ti-cgt-msp430_4.4.5/include" --reread_libs --warn_sections --diag_wrap=off --display_error_number --xml_link_info="ADCtest_linkInfo.xml" --use_hw_mpy=none --rom_model -o "ADCtest.out" "./main.obj" "../lnk_msp430g2553.cmd"  -l"libc.a" 
<Linking>
'Finished building target: ADCtest.out'
' '

**** Build Finished ****

**** Build of configuration Debug for project ADCtest ****

"C:\\ti\\ccsv6\\utils\\bin\\gmake" -k all 
gmake: Nothing to be done for `all'.

**** Build Finished ****

**** Build of configuration Debug for project ADCtest ****

"C:\\ti\\ccsv6\\utils\\bin\\gmake" -k all 
gmake: Nothing to be done for `all'.

**** Build Finished ****

**** Build of configuration Debug for project FrequencySetup ****

"C:\\ti\\ccsv6\\utils\\bin\\gmake" -k all 
'Building file: ../main.c'
'Invoking: MSP430 Compiler'
"C:/ti/ccsv6/tools/compiler/ti-cgt-msp430_4.4.5/bin/cl430" -vmsp --abi=eabi --include_path="C:/ti/ccsv6/ccs_base/msp430/include" --include_path="C:/ti/ccsv6/tools/compiler/ti-cgt-msp430_4.4.5/include" --advice:power=all -g --define=__MSP430G2553__ --diag_warning=225 --diag_wrap=off --display_error_number --printf_support=minimal --preproc_with_compile --preproc_dependency="main.pp"  "../main.c"
"..\hvValues.h", line 9: warning #2170-D: use of a const variable in a constant expression is nonstandard in C
"..\hvValues.h", line 9: warning #2170-D: use of a const variable in a constant expression is nonstandard in C
"..\hvValues.h", line 9: warning #2170-D: use of a const variable in a constant expression is nonstandard in C
"../main.c", line 75: remark #1538-D: (ULP 10.1) ISR PORT1_ISR calls function resetCounters. Recommend moving function call away from ISR, or inlining the function, or using pragmas
"../main.c", line 88: remark #1538-D: (ULP 10.1) ISR PORT1_ISR calls function lcdLedOn. Recommend moving function call away from ISR, or inlining the function, or using pragmas
"../main.c", line 100: remark #1538-D: (ULP 10.1) ISR PORT2_ISR calls function soundTick. Recommend moving function call away from ISR, or inlining the function, or using pragmas
"../main.c", line 114: remark #1538-D: (ULP 10.1) ISR T0A1_ISR calls function soundOff. Recommend moving function call away from ISR, or inlining the function, or using pragmas
"../main.c", line 124: remark #1544-D: (ULP 13.1) Detected loop counting up. Recommend loops count down as detecting zeros is easier
"../main.c", line 131: remark #1530-D: (ULP 5.1) Detected divide operation(s). Recommend moving them to RAM during run time or not using as these are processing/power intensive
"../main.c", line 133: remark #1538-D: (ULP 10.1) ISR TA1CCR0_ISR calls function lcdLedOff. Recommend moving function call away from ISR, or inlining the function, or using pragmas
"../main.c", line 21: remark #1535-D: (ULP 8.1) variable "setHvFlag" is used as a constant. Recommend declaring variable as either 'static const' or 'const'
'Finished building: ../main.c'
' '
'Building file: ../setup.c'
'Invoking: MSP430 Compiler'
"C:/ti/ccsv6/tools/compiler/ti-cgt-msp430_4.4.5/bin/cl430" -vmsp --abi=eabi --include_path="C:/ti/ccsv6/ccs_base/msp430/include" --include_path="C:/ti/ccsv6/tools/compiler/ti-cgt-msp430_4.4.5/include" --advice:power=all -g --define=__MSP430G2553__ --diag_warning=225 --diag_wrap=off --display_error_number --printf_support=minimal --preproc_with_compile --preproc_dependency="setup.pp"  "../setup.c"
"../setup.c", line 90: remark #1530-D: (ULP 5.1) Detected divide operation(s). Recommend moving them to RAM during run time or not using as these are processing/power intensive
'Finished building: ../setup.c'
' '
'Building target: FrequencySetup.out'
'Invoking: MSP430 Linker'
"C:/ti/ccsv6/tools/compiler/ti-cgt-msp430_4.4.5/bin/cl430" -vmsp --abi=eabi --advice:power=all -g --define=__MSP430G2553__ --diag_warning=225 --diag_wrap=off --display_error_number --printf_support=minimal -z -m"FrequencySetup.map" --heap_size=80 --stack_size=80 -i"C:/ti/ccsv6/ccs_base/msp430/include" -i"C:/ti/ccsv6/tools/compiler/ti-cgt-msp430_4.4.5/lib" -i"C:/ti/ccsv6/tools/compiler/ti-cgt-msp430_4.4.5/include" --reread_libs --warn_sections --diag_wrap=off --display_error_number --xml_link_info="FrequencySetup_linkInfo.xml" --rom_model -o "FrequencySetup.out" "./gmCore.obj" "./lcd.obj" "./main.obj" "./setup.obj" "./timing.obj" "../lnk_msp430g2553.cmd"  -l"libc.a" 
<Linking>
remark #10372-D: (ULP 4.1) Detected uninitialized Port 3 in this project. Recommend initializing all unused ports to eliminate wasted current consumption on unused pins.
'Finished building target: FrequencySetup.out'
' '

**** Build Finished ****

**** Build of configuration Debug for project ADCtest ****

"C:\\ti\\ccsv6\\utils\\bin\\gmake" -k all 
'Building file: ../main.c'
'Invoking: MSP430 Compiler'
"C:/ti/ccsv6/tools/compiler/ti-cgt-msp430_4.4.5/bin/cl430" -vmsp --abi=eabi --use_hw_mpy=none --include_path="C:/ti/ccsv6/ccs_base/msp430/include" --include_path="C:/ti/ccsv6/tools/compiler/ti-cgt-msp430_4.4.5/include" --advice:power=all -g --define=__MSP430G2553__ --diag_warning=225 --diag_wrap=off --display_error_number --printf_support=minimal --preproc_with_compile --preproc_dependency="main.pp"  "../main.c"
"../main.c", line 66: error #20: identifier "adcValue" is undefined
1 error detected in the compilation of "../main.c".

>> Compilation failure
gmake: *** [main.obj] Error 1
gmake: Target `all' not remade because of errors.

**** Build Finished ****

**** Build of configuration Debug for project FrequencySetup ****

"C:\\ti\\ccsv6\\utils\\bin\\gmake" -k all 
gmake: Nothing to be done for `all'.

**** Build Finished ****

**** Build of configuration Debug for project ADCtest ****

"C:\\ti\\ccsv6\\utils\\bin\\gmake" -k all 
'Building file: ../main.c'
'Invoking: MSP430 Compiler'
"C:/ti/ccsv6/tools/compiler/ti-cgt-msp430_4.4.5/bin/cl430" -vmsp --abi=eabi --use_hw_mpy=none --include_path="C:/ti/ccsv6/ccs_base/msp430/include" --include_path="C:/ti/ccsv6/tools/compiler/ti-cgt-msp430_4.4.5/include" --advice:power=all -g --define=__MSP430G2553__ --diag_warning=225 --diag_wrap=off --display_error_number --printf_support=minimal --preproc_with_compile --preproc_dependency="main.pp"  "../main.c"
'Finished building: ../main.c'
' '
'Building target: ADCtest.out'
'Invoking: MSP430 Linker'
"C:/ti/ccsv6/tools/compiler/ti-cgt-msp430_4.4.5/bin/cl430" -vmsp --abi=eabi --use_hw_mpy=none --advice:power=all -g --define=__MSP430G2553__ --diag_warning=225 --diag_wrap=off --display_error_number --printf_support=minimal -z -m"ADCtest.map" --heap_size=80 --stack_size=80 -i"C:/ti/ccsv6/ccs_base/msp430/include" -i"C:/ti/ccsv6/tools/compiler/ti-cgt-msp430_4.4.5/lib" -i"C:/ti/ccsv6/tools/compiler/ti-cgt-msp430_4.4.5/include" --reread_libs --warn_sections --diag_wrap=off --display_error_number --xml_link_info="ADCtest_linkInfo.xml" --use_hw_mpy=none --rom_model -o "ADCtest.out" "./main.obj" "../lnk_msp430g2553.cmd"  -l"libc.a" 
<Linking>
'Finished building target: ADCtest.out'
' '

**** Build Finished ****

**** Build of configuration Debug for project FrequencySetup ****

"C:\\ti\\ccsv6\\utils\\bin\\gmake" -k all 
gmake: Nothing to be done for `all'.

**** Build Finished ****

**** Build of configuration Debug for project ADCtest ****

"C:\\ti\\ccsv6\\utils\\bin\\gmake" -k all 
gmake: Nothing to be done for `all'.

**** Build Finished ****

**** Build of configuration Debug for project ADCtest ****

"C:\\ti\\ccsv6\\utils\\bin\\gmake" -k all 
'Building file: ../main.c'
'Invoking: MSP430 Compiler'
"C:/ti/ccsv6/tools/compiler/ti-cgt-msp430_4.4.5/bin/cl430" -vmsp --abi=eabi --use_hw_mpy=none --include_path="C:/ti/ccsv6/ccs_base/msp430/include" --include_path="C:/ti/ccsv6/tools/compiler/ti-cgt-msp430_4.4.5/include" --advice:power=all -g --define=__MSP430G2553__ --diag_warning=225 --diag_wrap=off --display_error_number --printf_support=minimal --preproc_with_compile --preproc_dependency="main.pp"  "../main.c"
'Finished building: ../main.c'
' '
'Building target: ADCtest.out'
'Invoking: MSP430 Linker'
"C:/ti/ccsv6/tools/compiler/ti-cgt-msp430_4.4.5/bin/cl430" -vmsp --abi=eabi --use_hw_mpy=none --advice:power=all -g --define=__MSP430G2553__ --diag_warning=225 --diag_wrap=off --display_error_number --printf_support=minimal -z -m"ADCtest.map" --heap_size=80 --stack_size=80 -i"C:/ti/ccsv6/ccs_base/msp430/include" -i"C:/ti/ccsv6/tools/compiler/ti-cgt-msp430_4.4.5/lib" -i"C:/ti/ccsv6/tools/compiler/ti-cgt-msp430_4.4.5/include" --reread_libs --warn_sections --diag_wrap=off --display_error_number --xml_link_info="ADCtest_linkInfo.xml" --use_hw_mpy=none --rom_model -o "ADCtest.out" "./main.obj" "../lnk_msp430g2553.cmd"  -l"libc.a" 
<Linking>
'Finished building target: ADCtest.out'
' '

**** Build Finished ****

**** Build of configuration Debug for project FrequencySetup ****

"C:\\ti\\ccsv6\\utils\\bin\\gmake" -k all 
'Building file: ../adc.c'
'Invoking: MSP430 Compiler'
"C:/ti/ccsv6/tools/compiler/ti-cgt-msp430_4.4.5/bin/cl430" -vmsp --abi=eabi --include_path="C:/ti/ccsv6/ccs_base/msp430/include" --include_path="C:/ti/ccsv6/tools/compiler/ti-cgt-msp430_4.4.5/include" --advice:power=all -g --define=__MSP430G2553__ --diag_warning=225 --diag_wrap=off --display_error_number --printf_support=minimal --preproc_with_compile --preproc_dependency="adc.pp"  "../adc.c"
"../adc.c", line 2: fatal error #13: expected a file name
1 catastrophic error detected in the compilation of "../adc.c".
Compilation terminated.

>> Compilation failure
gmake: *** [adc.obj] Error 1
'Building file: ../gmCore.c'
'Invoking: MSP430 Compiler'
"C:/ti/ccsv6/tools/compiler/ti-cgt-msp430_4.4.5/bin/cl430" -vmsp --abi=eabi --include_path="C:/ti/ccsv6/ccs_base/msp430/include" --include_path="C:/ti/ccsv6/tools/compiler/ti-cgt-msp430_4.4.5/include" --advice:power=all -g --define=__MSP430G2553__ --diag_warning=225 --diag_wrap=off --display_error_number --printf_support=minimal --preproc_with_compile --preproc_dependency="gmCore.pp"  "../gmCore.c"
'Finished building: ../gmCore.c'
' '
'Building file: ../main.c'
'Invoking: MSP430 Compiler'
"C:/ti/ccsv6/tools/compiler/ti-cgt-msp430_4.4.5/bin/cl430" -vmsp --abi=eabi --include_path="C:/ti/ccsv6/ccs_base/msp430/include" --include_path="C:/ti/ccsv6/tools/compiler/ti-cgt-msp430_4.4.5/include" --advice:power=all -g --define=__MSP430G2553__ --diag_warning=225 --diag_wrap=off --display_error_number --printf_support=minimal --preproc_with_compile --preproc_dependency="main.pp"  "../main.c"
"..\hvValues.h", line 9: warning #2170-D: use of a const variable in a constant expression is nonstandard in C
"..\hvValues.h", line 9: warning #2170-D: use of a const variable in a constant expression is nonstandard in C
"..\hvValues.h", line 9: warning #2170-D: use of a const variable in a constant expression is nonstandard in C
"../main.c", line 82: remark #1538-D: (ULP 10.1) ISR PORT1_ISR calls function resetCounters. Recommend moving function call away from ISR, or inlining the function, or using pragmas
"../main.c", line 95: remark #1538-D: (ULP 10.1) ISR PORT1_ISR calls function lcdLedOn. Recommend moving function call away from ISR, or inlining the function, or using pragmas
"../main.c", line 107: remark #1538-D: (ULP 10.1) ISR PORT2_ISR calls function soundTick. Recommend moving function call away from ISR, or inlining the function, or using pragmas
"../main.c", line 121: remark #1538-D: (ULP 10.1) ISR T0A1_ISR calls function soundOff. Recommend moving function call away from ISR, or inlining the function, or using pragmas
"../main.c", line 131: remark #1544-D: (ULP 13.1) Detected loop counting up. Recommend loops count down as detecting zeros is easier
"../main.c", line 138: remark #1530-D: (ULP 5.1) Detected divide operation(s). Recommend moving them to RAM during run time or not using as these are processing/power intensive
"../main.c", line 140: remark #1538-D: (ULP 10.1) ISR TA1CCR0_ISR calls function lcdLedOff. Recommend moving function call away from ISR, or inlining the function, or using pragmas
"../main.c", line 147: error #66: expected a ";"
"../main.c", line 148: remark #1538-D: (ULP 10.1) ISR ADC10_ISR calls function frequencyFromAdc. Recommend moving function call away from ISR, or inlining the function, or using pragmas

>> Compilation failure
1 error detected in the compilation of "../main.c".
gmake: *** [main.obj] Error 1
'Building file: ../setup.c'
'Invoking: MSP430 Compiler'
"C:/ti/ccsv6/tools/compiler/ti-cgt-msp430_4.4.5/bin/cl430" -vmsp --abi=eabi --include_path="C:/ti/ccsv6/ccs_base/msp430/include" --include_path="C:/ti/ccsv6/tools/compiler/ti-cgt-msp430_4.4.5/include" --advice:power=all -g --define=__MSP430G2553__ --diag_warning=225 --diag_wrap=off --display_error_number --printf_support=minimal --preproc_with_compile --preproc_dependency="setup.pp"  "../setup.c"
"../setup.c", line 90: remark #1530-D: (ULP 5.1) Detected divide operation(s). Recommend moving them to RAM during run time or not using as these are processing/power intensive
'Finished building: ../setup.c'
' '
'Building file: ../timing.c'
'Invoking: MSP430 Compiler'
"C:/ti/ccsv6/tools/compiler/ti-cgt-msp430_4.4.5/bin/cl430" -vmsp --abi=eabi --include_path="C:/ti/ccsv6/ccs_base/msp430/include" --include_path="C:/ti/ccsv6/tools/compiler/ti-cgt-msp430_4.4.5/include" --advice:power=all -g --define=__MSP430G2553__ --diag_warning=225 --diag_wrap=off --display_error_number --printf_support=minimal --preproc_with_compile --preproc_dependency="timing.pp"  "../timing.c"
"../timing.c", line 8: remark #1530-D: (ULP 5.1) Detected divide operation(s). Recommend moving them to RAM during run time or not using as these are processing/power intensive
'Finished building: ../timing.c'
' '
gmake: Target `all' not remade because of errors.

**** Build Finished ****

**** Build of configuration Debug for project ADCtest ****

"C:\\ti\\ccsv6\\utils\\bin\\gmake" -k all 
gmake: Nothing to be done for `all'.

**** Build Finished ****

**** Build of configuration Debug for project FrequencySetup ****

"C:\\ti\\ccsv6\\utils\\bin\\gmake" -k all 
'Building file: ../adc.c'
'Invoking: MSP430 Compiler'
"C:/ti/ccsv6/tools/compiler/ti-cgt-msp430_4.4.5/bin/cl430" -vmsp --abi=eabi --include_path="C:/ti/ccsv6/ccs_base/msp430/include" --include_path="C:/ti/ccsv6/tools/compiler/ti-cgt-msp430_4.4.5/include" --advice:power=all -g --define=__MSP430G2553__ --diag_warning=225 --diag_wrap=off --display_error_number --printf_support=minimal --preproc_with_compile --preproc_dependency="adc.pp"  "../adc.c"
"../adc.c", line 4: warning #176-D: expression has no effect
"../adc.c", line 5: error #20: identifier "RIGHT_SHIFT" is undefined
1 error detected in the compilation of "../adc.c".

>> Compilation failure
gmake: *** [adc.obj] Error 1
'Building file: ../main.c'
'Invoking: MSP430 Compiler'
"C:/ti/ccsv6/tools/compiler/ti-cgt-msp430_4.4.5/bin/cl430" -vmsp --abi=eabi --include_path="C:/ti/ccsv6/ccs_base/msp430/include" --include_path="C:/ti/ccsv6/tools/compiler/ti-cgt-msp430_4.4.5/include" --advice:power=all -g --define=__MSP430G2553__ --diag_warning=225 --diag_wrap=off --display_error_number --printf_support=minimal --preproc_with_compile --preproc_dependency="main.pp"  "../main.c"
"..\hvValues.h", line 9: warning #2170-D: use of a const variable in a constant expression is nonstandard in C
"..\hvValues.h", line 9: warning #2170-D: use of a const variable in a constant expression is nonstandard in C
"..\hvValues.h", line 9: warning #2170-D: use of a const variable in a constant expression is nonstandard in C
"../main.c", line 82: remark #1538-D: (ULP 10.1) ISR PORT1_ISR calls function resetCounters. Recommend moving function call away from ISR, or inlining the function, or using pragmas
"../main.c", line 95: remark #1538-D: (ULP 10.1) ISR PORT1_ISR calls function lcdLedOn. Recommend moving function call away from ISR, or inlining the function, or using pragmas
"../main.c", line 107: remark #1538-D: (ULP 10.1) ISR PORT2_ISR calls function soundTick. Recommend moving function call away from ISR, or inlining the function, or using pragmas
"../main.c", line 121: remark #1538-D: (ULP 10.1) ISR T0A1_ISR calls function soundOff. Recommend moving function call away from ISR, or inlining the function, or using pragmas
"../main.c", line 131: remark #1544-D: (ULP 13.1) Detected loop counting up. Recommend loops count down as detecting zeros is easier
"../main.c", line 138: remark #1530-D: (ULP 5.1) Detected divide operation(s). Recommend moving them to RAM during run time or not using as these are processing/power intensive
"../main.c", line 140: remark #1538-D: (ULP 10.1) ISR TA1CCR0_ISR calls function lcdLedOff. Recommend moving function call away from ISR, or inlining the function, or using pragmas
"../main.c", line 147: error #66: expected a ";"

>> Compilation failure
"../main.c", line 148: remark #1538-D: (ULP 10.1) ISR ADC10_ISR calls function frequencyFromAdc. Recommend moving function call away from ISR, or inlining the function, or using pragmas
1 error detected in the compilation of "../main.c".
gmake: *** [main.obj] Error 1
gmake: Target `all' not remade because of errors.

**** Build Finished ****

**** Build of configuration Debug for project ADCtest ****

"C:\\ti\\ccsv6\\utils\\bin\\gmake" -k all 
gmake: Nothing to be done for `all'.

**** Build Finished ****

**** Build of configuration Debug for project FrequencySetup ****

"C:\\ti\\ccsv6\\utils\\bin\\gmake" -k all 
'Building file: ../adc.c'
'Invoking: MSP430 Compiler'
"C:/ti/ccsv6/tools/compiler/ti-cgt-msp430_4.4.5/bin/cl430" -vmsp --abi=eabi --include_path="C:/ti/ccsv6/ccs_base/msp430/include" --include_path="C:/ti/ccsv6/tools/compiler/ti-cgt-msp430_4.4.5/include" --advice:power=all -g --define=__MSP430G2553__ --diag_warning=225 --diag_wrap=off --display_error_number --printf_support=minimal --preproc_with_compile --preproc_dependency="adc.pp"  "../adc.c"
"../adc.c", line 4: warning #176-D: expression has no effect
'Finished building: ../adc.c'
' '
'Building file: ../main.c'
'Invoking: MSP430 Compiler'
"C:/ti/ccsv6/tools/compiler/ti-cgt-msp430_4.4.5/bin/cl430" -vmsp --abi=eabi --include_path="C:/ti/ccsv6/ccs_base/msp430/include" --include_path="C:/ti/ccsv6/tools/compiler/ti-cgt-msp430_4.4.5/include" --advice:power=all -g --define=__MSP430G2553__ --diag_warning=225 --diag_wrap=off --display_error_number --printf_support=minimal --preproc_with_compile --preproc_dependency="main.pp"  "../main.c"
"..\hvValues.h", line 9: warning #2170-D: use of a const variable in a constant expression is nonstandard in C
"..\hvValues.h", line 9: warning #2170-D: use of a const variable in a constant expression is nonstandard in C
"..\hvValues.h", line 9: warning #2170-D: use of a const variable in a constant expression is nonstandard in C
"../main.c", line 82: remark #1538-D: (ULP 10.1) ISR PORT1_ISR calls function resetCounters. Recommend moving function call away from ISR, or inlining the function, or using pragmas
"../main.c", line 95: remark #1538-D: (ULP 10.1) ISR PORT1_ISR calls function lcdLedOn. Recommend moving function call away from ISR, or inlining the function, or using pragmas
"../main.c", line 107: remark #1538-D: (ULP 10.1) ISR PORT2_ISR calls function soundTick. Recommend moving function call away from ISR, or inlining the function, or using pragmas
"../main.c", line 121: remark #1538-D: (ULP 10.1) ISR T0A1_ISR calls function soundOff. Recommend moving function call away from ISR, or inlining the function, or using pragmas
"../main.c", line 131: remark #1544-D: (ULP 13.1) Detected loop counting up. Recommend loops count down as detecting zeros is easier
"../main.c", line 138: remark #1530-D: (ULP 5.1) Detected divide operation(s). Recommend moving them to RAM during run time or not using as these are processing/power intensive
"../main.c", line 140: remark #1538-D: (ULP 10.1) ISR TA1CCR0_ISR calls function lcdLedOff. Recommend moving function call away from ISR, or inlining the function, or using pragmas
"../main.c", line 147: error #66: expected a ";"
"../main.c", line 148: remark #1538-D: (ULP 10.1) ISR ADC10_ISR calls function frequencyFromAdc. Recommend moving function call away from ISR, or inlining the function, or using pragmas

1 error detected in the compilation of "../main.c".
>> Compilation failure
gmake: *** [main.obj] Error 1
gmake: Target `all' not remade because of errors.

**** Build Finished ****

**** Build of configuration Debug for project ADCtest ****

"C:\\ti\\ccsv6\\utils\\bin\\gmake" -k all 
gmake: Nothing to be done for `all'.

**** Build Finished ****

**** Build of configuration Debug for project FrequencySetup ****

"C:\\ti\\ccsv6\\utils\\bin\\gmake" -k all 
'Building file: ../adc.c'
'Invoking: MSP430 Compiler'
"C:/ti/ccsv6/tools/compiler/ti-cgt-msp430_4.4.5/bin/cl430" -vmsp --abi=eabi --include_path="C:/ti/ccsv6/ccs_base/msp430/include" --include_path="C:/ti/ccsv6/tools/compiler/ti-cgt-msp430_4.4.5/include" --advice:power=all -g --define=__MSP430G2553__ --diag_warning=225 --diag_wrap=off --display_error_number --printf_support=minimal --preproc_with_compile --preproc_dependency="adc.pp"  "../adc.c"
'Finished building: ../adc.c'
' '
'Building file: ../main.c'
'Invoking: MSP430 Compiler'
"C:/ti/ccsv6/tools/compiler/ti-cgt-msp430_4.4.5/bin/cl430" -vmsp --abi=eabi --include_path="C:/ti/ccsv6/ccs_base/msp430/include" --include_path="C:/ti/ccsv6/tools/compiler/ti-cgt-msp430_4.4.5/include" --advice:power=all -g --define=__MSP430G2553__ --diag_warning=225 --diag_wrap=off --display_error_number --printf_support=minimal --preproc_with_compile --preproc_dependency="main.pp"  "../main.c"
"..\hvValues.h", line 9: warning #2170-D: use of a const variable in a constant expression is nonstandard in C
"..\hvValues.h", line 9: warning #2170-D: use of a const variable in a constant expression is nonstandard in C
"..\hvValues.h", line 9: warning #2170-D: use of a const variable in a constant expression is nonstandard in C
"../main.c", line 82: remark #1538-D: (ULP 10.1) ISR PORT1_ISR calls function resetCounters. Recommend moving function call away from ISR, or inlining the function, or using pragmas
"../main.c", line 95: remark #1538-D: (ULP 10.1) ISR PORT1_ISR calls function lcdLedOn. Recommend moving function call away from ISR, or inlining the function, or using pragmas
"../main.c", line 107: remark #1538-D: (ULP 10.1) ISR PORT2_ISR calls function soundTick. Recommend moving function call away from ISR, or inlining the function, or using pragmas
"../main.c", line 121: remark #1538-D: (ULP 10.1) ISR T0A1_ISR calls function soundOff. Recommend moving function call away from ISR, or inlining the function, or using pragmas
"../main.c", line 131: remark #1544-D: (ULP 13.1) Detected loop counting up. Recommend loops count down as detecting zeros is easier
"../main.c", line 138: remark #1530-D: (ULP 5.1) Detected divide operation(s). Recommend moving them to RAM during run time or not using as these are processing/power intensive
"../main.c", line 140: remark #1538-D: (ULP 10.1) ISR TA1CCR0_ISR calls function lcdLedOff. Recommend moving function call away from ISR, or inlining the function, or using pragmas
"../main.c", line 147: error #66: expected a ";"
"../main.c", line 148: remark #1538-D: (ULP 10.1) ISR ADC10_ISR calls function frequencyFromAdc. Recommend moving function call away from ISR, or inlining the function, or using pragmas
1 error detected in the compilation of "../main.c".

>> Compilation failure
gmake: *** [main.obj] Error 1
gmake: Target `all' not remade because of errors.

**** Build Finished ****

**** Build of configuration Debug for project ADCtest ****

"C:\\ti\\ccsv6\\utils\\bin\\gmake" -k all 
gmake: Nothing to be done for `all'.

**** Build Finished ****

**** Build of configuration Debug for project FrequencySetup ****

"C:\\ti\\ccsv6\\utils\\bin\\gmake" -k all 
'Building file: ../adc.c'
'Invoking: MSP430 Compiler'
"C:/ti/ccsv6/tools/compiler/ti-cgt-msp430_4.4.5/bin/cl430" -vmsp --abi=eabi --include_path="C:/ti/ccsv6/ccs_base/msp430/include" --include_path="C:/ti/ccsv6/tools/compiler/ti-cgt-msp430_4.4.5/include" --advice:power=all -g --define=__MSP430G2553__ --diag_warning=225 --diag_wrap=off --display_error_number --printf_support=minimal --preproc_with_compile --preproc_dependency="adc.pp"  "../adc.c"
'Finished building: ../adc.c'
' '
'Building file: ../main.c'
'Invoking: MSP430 Compiler'
"C:/ti/ccsv6/tools/compiler/ti-cgt-msp430_4.4.5/bin/cl430" -vmsp --abi=eabi --include_path="C:/ti/ccsv6/ccs_base/msp430/include" --include_path="C:/ti/ccsv6/tools/compiler/ti-cgt-msp430_4.4.5/include" --advice:power=all -g --define=__MSP430G2553__ --diag_warning=225 --diag_wrap=off --display_error_number --printf_support=minimal --preproc_with_compile --preproc_dependency="main.pp"  "../main.c"
"..\hvValues.h", line 9: warning #2170-D: use of a const variable in a constant expression is nonstandard in C
"..\hvValues.h", line 9: warning #2170-D: use of a const variable in a constant expression is nonstandard in C
"..\hvValues.h", line 9: warning #2170-D: use of a const variable in a constant expression is nonstandard in C
"../main.c", line 82: remark #1538-D: (ULP 10.1) ISR PORT1_ISR calls function resetCounters. Recommend moving function call away from ISR, or inlining the function, or using pragmas
"../main.c", line 95: remark #1538-D: (ULP 10.1) ISR PORT1_ISR calls function lcdLedOn. Recommend moving function call away from ISR, or inlining the function, or using pragmas
"../main.c", line 107: remark #1538-D: (ULP 10.1) ISR PORT2_ISR calls function soundTick. Recommend moving function call away from ISR, or inlining the function, or using pragmas
"../main.c", line 121: remark #1538-D: (ULP 10.1) ISR T0A1_ISR calls function soundOff. Recommend moving function call away from ISR, or inlining the function, or using pragmas
"../main.c", line 131: remark #1544-D: (ULP 13.1) Detected loop counting up. Recommend loops count down as detecting zeros is easier
"../main.c", line 138: remark #1530-D: (ULP 5.1) Detected divide operation(s). Recommend moving them to RAM during run time or not using as these are processing/power intensive
"../main.c", line 140: remark #1538-D: (ULP 10.1) ISR TA1CCR0_ISR calls function lcdLedOff. Recommend moving function call away from ISR, or inlining the function, or using pragmas
"../main.c", line 147: error #66: expected a ";"

>> Compilation failure
"../main.c", line 148: remark #1538-D: (ULP 10.1) ISR ADC10_ISR calls function frequencyFromAdc. Recommend moving function call away from ISR, or inlining the function, or using pragmas
1 error detected in the compilation of "../main.c".
gmake: *** [main.obj] Error 1
gmake: Target `all' not remade because of errors.

**** Build Finished ****

**** Build of configuration Debug for project ADCtest ****

"C:\\ti\\ccsv6\\utils\\bin\\gmake" -k all 
gmake: Nothing to be done for `all'.

**** Build Finished ****

**** Build of configuration Debug for project FrequencySetup ****

"C:\\ti\\ccsv6\\utils\\bin\\gmake" -k all 
'Building file: ../main.c'
'Invoking: MSP430 Compiler'
"C:/ti/ccsv6/tools/compiler/ti-cgt-msp430_4.4.5/bin/cl430" -vmsp --abi=eabi --include_path="C:/ti/ccsv6/ccs_base/msp430/include" --include_path="C:/ti/ccsv6/tools/compiler/ti-cgt-msp430_4.4.5/include" --advice:power=all -g --define=__MSP430G2553__ --diag_warning=225 --diag_wrap=off --display_error_number --printf_support=minimal --preproc_with_compile --preproc_dependency="main.pp"  "../main.c"
"..\hvValues.h", line 9: warning #2170-D: use of a const variable in a constant expression is nonstandard in C
"..\hvValues.h", line 9: warning #2170-D: use of a const variable in a constant expression is nonstandard in C
"..\hvValues.h", line 9: warning #2170-D: use of a const variable in a constant expression is nonstandard in C
"../main.c", line 82: remark #1538-D: (ULP 10.1) ISR PORT1_ISR calls function resetCounters. Recommend moving function call away from ISR, or inlining the function, or using pragmas
"../main.c", line 95: remark #1538-D: (ULP 10.1) ISR PORT1_ISR calls function lcdLedOn. Recommend moving function call away from ISR, or inlining the function, or using pragmas
"../main.c", line 107: remark #1538-D: (ULP 10.1) ISR PORT2_ISR calls function soundTick. Recommend moving function call away from ISR, or inlining the function, or using pragmas
"../main.c", line 121: remark #1538-D: (ULP 10.1) ISR T0A1_ISR calls function soundOff. Recommend moving function call away from ISR, or inlining the function, or using pragmas
"../main.c", line 131: remark #1544-D: (ULP 13.1) Detected loop counting up. Recommend loops count down as detecting zeros is easier
"../main.c", line 138: remark #1530-D: (ULP 5.1) Detected divide operation(s). Recommend moving them to RAM during run time or not using as these are processing/power intensive
"../main.c", line 140: remark #1538-D: (ULP 10.1) ISR TA1CCR0_ISR calls function lcdLedOff. Recommend moving function call away from ISR, or inlining the function, or using pragmas
"../main.c", line 147: error #66: expected a ";"
"../main.c", line 148: remark #1538-D: (ULP 10.1) ISR ADC10_ISR calls function frequencyFromAdc. Recommend moving function call away from ISR, or inlining the function, or using pragmas

>> Compilation failure
1 error detected in the compilation of "../main.c".
gmake: *** [main.obj] Error 1
gmake: Target `all' not remade because of errors.

**** Build Finished ****

**** Build of configuration Debug for project ADCtest ****

"C:\\ti\\ccsv6\\utils\\bin\\gmake" -k all 
gmake: Nothing to be done for `all'.

**** Build Finished ****

**** Build of configuration Debug for project FrequencySetup ****

"C:\\ti\\ccsv6\\utils\\bin\\gmake" -k all 
'Building file: ../main.c'
'Invoking: MSP430 Compiler'
"C:/ti/ccsv6/tools/compiler/ti-cgt-msp430_4.4.5/bin/cl430" -vmsp --abi=eabi --include_path="C:/ti/ccsv6/ccs_base/msp430/include" --include_path="C:/ti/ccsv6/tools/compiler/ti-cgt-msp430_4.4.5/include" --advice:power=all -g --define=__MSP430G2553__ --diag_warning=225 --diag_wrap=off --display_error_number --printf_support=minimal --preproc_with_compile --preproc_dependency="main.pp"  "../main.c"
"..\hvValues.h", line 9: warning #2170-D: use of a const variable in a constant expression is nonstandard in C
"..\hvValues.h", line 9: warning #2170-D: use of a const variable in a constant expression is nonstandard in C
"..\hvValues.h", line 9: warning #2170-D: use of a const variable in a constant expression is nonstandard in C
"../main.c", line 82: remark #1538-D: (ULP 10.1) ISR PORT1_ISR calls function resetCounters. Recommend moving function call away from ISR, or inlining the function, or using pragmas
"../main.c", line 95: remark #1538-D: (ULP 10.1) ISR PORT1_ISR calls function lcdLedOn. Recommend moving function call away from ISR, or inlining the function, or using pragmas
"../main.c", line 107: remark #1538-D: (ULP 10.1) ISR PORT2_ISR calls function soundTick. Recommend moving function call away from ISR, or inlining the function, or using pragmas
"../main.c", line 121: remark #1538-D: (ULP 10.1) ISR T0A1_ISR calls function soundOff. Recommend moving function call away from ISR, or inlining the function, or using pragmas
"../main.c", line 131: remark #1544-D: (ULP 13.1) Detected loop counting up. Recommend loops count down as detecting zeros is easier
"../main.c", line 138: remark #1530-D: (ULP 5.1) Detected divide operation(s). Recommend moving them to RAM during run time or not using as these are processing/power intensive
"../main.c", line 140: remark #1538-D: (ULP 10.1) ISR TA1CCR0_ISR calls function lcdLedOff. Recommend moving function call away from ISR, or inlining the function, or using pragmas
"../main.c", line 147: error #20: identifier "DC10CTL0" is undefined

"../main.c", line 148: remark #1538-D: (ULP 10.1) ISR ADC10_ISR calls function frequencyFromAdc. Recommend moving function call away from ISR, or inlining the function, or using pragmas
>> Compilation failure
1 error detected in the compilation of "../main.c".
gmake: *** [main.obj] Error 1
gmake: Target `all' not remade because of errors.

**** Build Finished ****

**** Build of configuration Debug for project ADCtest ****

"C:\\ti\\ccsv6\\utils\\bin\\gmake" -k all 
gmake: Nothing to be done for `all'.

**** Build Finished ****

**** Build of configuration Debug for project FrequencySetup ****

"C:\\ti\\ccsv6\\utils\\bin\\gmake" -k all 
'Building file: ../main.c'
'Invoking: MSP430 Compiler'
"C:/ti/ccsv6/tools/compiler/ti-cgt-msp430_4.4.5/bin/cl430" -vmsp --abi=eabi --include_path="C:/ti/ccsv6/ccs_base/msp430/include" --include_path="C:/ti/ccsv6/tools/compiler/ti-cgt-msp430_4.4.5/include" --advice:power=all -g --define=__MSP430G2553__ --diag_warning=225 --diag_wrap=off --display_error_number --printf_support=minimal --preproc_with_compile --preproc_dependency="main.pp"  "../main.c"
"..\hvValues.h", line 9: warning #2170-D: use of a const variable in a constant expression is nonstandard in C
"..\hvValues.h", line 9: warning #2170-D: use of a const variable in a constant expression is nonstandard in C
"..\hvValues.h", line 9: warning #2170-D: use of a const variable in a constant expression is nonstandard in C
"../main.c", line 82: remark #1538-D: (ULP 10.1) ISR PORT1_ISR calls function resetCounters. Recommend moving function call away from ISR, or inlining the function, or using pragmas
"../main.c", line 95: remark #1538-D: (ULP 10.1) ISR PORT1_ISR calls function lcdLedOn. Recommend moving function call away from ISR, or inlining the function, or using pragmas
"../main.c", line 107: remark #1538-D: (ULP 10.1) ISR PORT2_ISR calls function soundTick. Recommend moving function call away from ISR, or inlining the function, or using pragmas
"../main.c", line 121: remark #1538-D: (ULP 10.1) ISR T0A1_ISR calls function soundOff. Recommend moving function call away from ISR, or inlining the function, or using pragmas
"../main.c", line 131: remark #1544-D: (ULP 13.1) Detected loop counting up. Recommend loops count down as detecting zeros is easier
"../main.c", line 138: remark #1530-D: (ULP 5.1) Detected divide operation(s). Recommend moving them to RAM during run time or not using as these are processing/power intensive
"../main.c", line 140: remark #1538-D: (ULP 10.1) ISR TA1CCR0_ISR calls function lcdLedOff. Recommend moving function call away from ISR, or inlining the function, or using pragmas
"../main.c", line 148: remark #1538-D: (ULP 10.1) ISR ADC10_ISR calls function frequencyFromAdc. Recommend moving function call away from ISR, or inlining the function, or using pragmas
'Finished building: ../main.c'
' '
'Building target: FrequencySetup.out'
'Invoking: MSP430 Linker'
"C:/ti/ccsv6/tools/compiler/ti-cgt-msp430_4.4.5/bin/cl430" -vmsp --abi=eabi --advice:power=all -g --define=__MSP430G2553__ --diag_warning=225 --diag_wrap=off --display_error_number --printf_support=minimal -z -m"FrequencySetup.map" --heap_size=80 --stack_size=80 -i"C:/ti/ccsv6/ccs_base/msp430/include" -i"C:/ti/ccsv6/tools/compiler/ti-cgt-msp430_4.4.5/lib" -i"C:/ti/ccsv6/tools/compiler/ti-cgt-msp430_4.4.5/include" --reread_libs --warn_sections --diag_wrap=off --display_error_number --xml_link_info="FrequencySetup_linkInfo.xml" --rom_model -o "FrequencySetup.out" "./adc.obj" "./gmCore.obj" "./lcd.obj" "./main.obj" "./setup.obj" "./timing.obj" "../lnk_msp430g2553.cmd"  -l"libc.a" 
<Linking>
remark #10372-D: (ULP 4.1) Detected uninitialized Port 3 in this project. Recommend initializing all unused ports to eliminate wasted current consumption on unused pins.
'Finished building target: FrequencySetup.out'
' '

**** Build Finished ****

**** Build of configuration Debug for project ADCtest ****

"C:\\ti\\ccsv6\\utils\\bin\\gmake" -k all 
gmake: Nothing to be done for `all'.

**** Build Finished ****

**** Build of configuration Debug for project FrequencySetup ****

"C:\\ti\\ccsv6\\utils\\bin\\gmake" -k all 
'Building file: ../main.c'
'Invoking: MSP430 Compiler'
"C:/ti/ccsv6/tools/compiler/ti-cgt-msp430_4.4.5/bin/cl430" -vmsp --abi=eabi --include_path="C:/ti/ccsv6/ccs_base/msp430/include" --include_path="C:/ti/ccsv6/tools/compiler/ti-cgt-msp430_4.4.5/include" --advice:power=all -g --define=__MSP430G2553__ --diag_warning=225 --diag_wrap=off --display_error_number --printf_support=minimal --preproc_with_compile --preproc_dependency="main.pp"  "../main.c"
"..\hvValues.h", line 9: warning #2170-D: use of a const variable in a constant expression is nonstandard in C
"..\hvValues.h", line 9: warning #2170-D: use of a const variable in a constant expression is nonstandard in C
"..\hvValues.h", line 9: warning #2170-D: use of a const variable in a constant expression is nonstandard in C
"../main.c", line 82: remark #1538-D: (ULP 10.1) ISR PORT1_ISR calls function resetCounters. Recommend moving function call away from ISR, or inlining the function, or using pragmas
"../main.c", line 95: remark #1538-D: (ULP 10.1) ISR PORT1_ISR calls function lcdLedOn. Recommend moving function call away from ISR, or inlining the function, or using pragmas
"../main.c", line 107: remark #1538-D: (ULP 10.1) ISR PORT2_ISR calls function soundTick. Recommend moving function call away from ISR, or inlining the function, or using pragmas
"../main.c", line 121: remark #1538-D: (ULP 10.1) ISR T0A1_ISR calls function soundOff. Recommend moving function call away from ISR, or inlining the function, or using pragmas
"../main.c", line 131: remark #1544-D: (ULP 13.1) Detected loop counting up. Recommend loops count down as detecting zeros is easier
"../main.c", line 138: remark #1530-D: (ULP 5.1) Detected divide operation(s). Recommend moving them to RAM during run time or not using as these are processing/power intensive
"../main.c", line 140: remark #1538-D: (ULP 10.1) ISR TA1CCR0_ISR calls function lcdLedOff. Recommend moving function call away from ISR, or inlining the function, or using pragmas
"../main.c", line 148: remark #1538-D: (ULP 10.1) ISR ADC10_ISR calls function frequencyFromAdc. Recommend moving function call away from ISR, or inlining the function, or using pragmas
'Finished building: ../main.c'
' '
'Building target: FrequencySetup.out'
'Invoking: MSP430 Linker'
"C:/ti/ccsv6/tools/compiler/ti-cgt-msp430_4.4.5/bin/cl430" -vmsp --abi=eabi --advice:power=all -g --define=__MSP430G2553__ --diag_warning=225 --diag_wrap=off --display_error_number --printf_support=minimal -z -m"FrequencySetup.map" --heap_size=80 --stack_size=80 -i"C:/ti/ccsv6/ccs_base/msp430/include" -i"C:/ti/ccsv6/tools/compiler/ti-cgt-msp430_4.4.5/lib" -i"C:/ti/ccsv6/tools/compiler/ti-cgt-msp430_4.4.5/include" --reread_libs --warn_sections --diag_wrap=off --display_error_number --xml_link_info="FrequencySetup_linkInfo.xml" --rom_model -o "FrequencySetup.out" "./adc.obj" "./gmCore.obj" "./lcd.obj" "./main.obj" "./setup.obj" "./timing.obj" "../lnk_msp430g2553.cmd"  -l"libc.a" 
<Linking>
remark #10372-D: (ULP 4.1) Detected uninitialized Port 3 in this project. Recommend initializing all unused ports to eliminate wasted current consumption on unused pins.
'Finished building target: FrequencySetup.out'
' '

**** Build Finished ****

**** Build of configuration Debug for project ADCtest ****

"C:\\ti\\ccsv6\\utils\\bin\\gmake" -k all 
gmake: Nothing to be done for `all'.

**** Build Finished ****

**** Build of configuration Debug for project FrequencySetup ****

"C:\\ti\\ccsv6\\utils\\bin\\gmake" -k all 
'Building file: ../adc.c'
'Invoking: MSP430 Compiler'
"C:/ti/ccsv6/tools/compiler/ti-cgt-msp430_4.4.5/bin/cl430" -vmsp --abi=eabi --include_path="C:/ti/ccsv6/ccs_base/msp430/include" --include_path="C:/ti/ccsv6/tools/compiler/ti-cgt-msp430_4.4.5/include" --advice:power=all -g --define=__MSP430G2553__ --diag_warning=225 --diag_wrap=off --display_error_number --printf_support=minimal --preproc_with_compile --preproc_dependency="adc.pp"  "../adc.c"
'Finished building: ../adc.c'
' '
'Building file: ../main.c'
'Invoking: MSP430 Compiler'
"C:/ti/ccsv6/tools/compiler/ti-cgt-msp430_4.4.5/bin/cl430" -vmsp --abi=eabi --include_path="C:/ti/ccsv6/ccs_base/msp430/include" --include_path="C:/ti/ccsv6/tools/compiler/ti-cgt-msp430_4.4.5/include" --advice:power=all -g --define=__MSP430G2553__ --diag_warning=225 --diag_wrap=off --display_error_number --printf_support=minimal --preproc_with_compile --preproc_dependency="main.pp"  "../main.c"
"..\hvValues.h", line 9: warning #2170-D: use of a const variable in a constant expression is nonstandard in C
"..\hvValues.h", line 9: warning #2170-D: use of a const variable in a constant expression is nonstandard in C
"..\hvValues.h", line 9: warning #2170-D: use of a const variable in a constant expression is nonstandard in C
"../main.c", line 82: remark #1538-D: (ULP 10.1) ISR PORT1_ISR calls function resetCounters. Recommend moving function call away from ISR, or inlining the function, or using pragmas
"../main.c", line 95: remark #1538-D: (ULP 10.1) ISR PORT1_ISR calls function lcdLedOn. Recommend moving function call away from ISR, or inlining the function, or using pragmas
"../main.c", line 107: remark #1538-D: (ULP 10.1) ISR PORT2_ISR calls function soundTick. Recommend moving function call away from ISR, or inlining the function, or using pragmas
"../main.c", line 121: remark #1538-D: (ULP 10.1) ISR T0A1_ISR calls function soundOff. Recommend moving function call away from ISR, or inlining the function, or using pragmas
"../main.c", line 131: remark #1544-D: (ULP 13.1) Detected loop counting up. Recommend loops count down as detecting zeros is easier
"../main.c", line 138: remark #1530-D: (ULP 5.1) Detected divide operation(s). Recommend moving them to RAM during run time or not using as these are processing/power intensive
"../main.c", line 140: remark #1538-D: (ULP 10.1) ISR TA1CCR0_ISR calls function lcdLedOff. Recommend moving function call away from ISR, or inlining the function, or using pragmas
"../main.c", line 148: remark #1538-D: (ULP 10.1) ISR ADC10_ISR calls function frequencyFromAdc. Recommend moving function call away from ISR, or inlining the function, or using pragmas
'Finished building: ../main.c'
' '
'Building target: FrequencySetup.out'
'Invoking: MSP430 Linker'
"C:/ti/ccsv6/tools/compiler/ti-cgt-msp430_4.4.5/bin/cl430" -vmsp --abi=eabi --advice:power=all -g --define=__MSP430G2553__ --diag_warning=225 --diag_wrap=off --display_error_number --printf_support=minimal -z -m"FrequencySetup.map" --heap_size=80 --stack_size=80 -i"C:/ti/ccsv6/ccs_base/msp430/include" -i"C:/ti/ccsv6/tools/compiler/ti-cgt-msp430_4.4.5/lib" -i"C:/ti/ccsv6/tools/compiler/ti-cgt-msp430_4.4.5/include" --reread_libs --warn_sections --diag_wrap=off --display_error_number --xml_link_info="FrequencySetup_linkInfo.xml" --rom_model -o "FrequencySetup.out" "./adc.obj" "./gmCore.obj" "./lcd.obj" "./main.obj" "./setup.obj" "./timing.obj" "../lnk_msp430g2553.cmd"  -l"libc.a" 
<Linking>
remark #10372-D: (ULP 4.1) Detected uninitialized Port 3 in this project. Recommend initializing all unused ports to eliminate wasted current consumption on unused pins.
'Finished building target: FrequencySetup.out'
' '

**** Build Finished ****

**** Build of configuration Debug for project ADCtest ****

"C:\\ti\\ccsv6\\utils\\bin\\gmake" -k all 
gmake: Nothing to be done for `all'.

**** Build Finished ****

**** Build of configuration Debug for project FrequencySetup ****

"C:\\ti\\ccsv6\\utils\\bin\\gmake" -k all 
'Building file: ../adc.c'
'Invoking: MSP430 Compiler'
"C:/ti/ccsv6/tools/compiler/ti-cgt-msp430_4.4.5/bin/cl430" -vmsp --abi=eabi --include_path="C:/ti/ccsv6/ccs_base/msp430/include" --include_path="C:/ti/ccsv6/tools/compiler/ti-cgt-msp430_4.4.5/include" --advice:power=all -g --define=__MSP430G2553__ --diag_warning=225 --diag_wrap=off --display_error_number --printf_support=minimal --preproc_with_compile --preproc_dependency="adc.pp"  "../adc.c"
'Finished building: ../adc.c'
' '
'Building target: FrequencySetup.out'
'Invoking: MSP430 Linker'
"C:/ti/ccsv6/tools/compiler/ti-cgt-msp430_4.4.5/bin/cl430" -vmsp --abi=eabi --advice:power=all -g --define=__MSP430G2553__ --diag_warning=225 --diag_wrap=off --display_error_number --printf_support=minimal -z -m"FrequencySetup.map" --heap_size=80 --stack_size=80 -i"C:/ti/ccsv6/ccs_base/msp430/include" -i"C:/ti/ccsv6/tools/compiler/ti-cgt-msp430_4.4.5/lib" -i"C:/ti/ccsv6/tools/compiler/ti-cgt-msp430_4.4.5/include" --reread_libs --warn_sections --diag_wrap=off --display_error_number --xml_link_info="FrequencySetup_linkInfo.xml" --rom_model -o "FrequencySetup.out" "./adc.obj" "./gmCore.obj" "./lcd.obj" "./main.obj" "./setup.obj" "./timing.obj" "../lnk_msp430g2553.cmd"  -l"libc.a" 
<Linking>
remark #10372-D: (ULP 4.1) Detected uninitialized Port 3 in this project. Recommend initializing all unused ports to eliminate wasted current consumption on unused pins.
'Finished building target: FrequencySetup.out'
' '

**** Build Finished ****

**** Build of configuration Debug for project ADCtest ****

"C:\\ti\\ccsv6\\utils\\bin\\gmake" -k all 
gmake: Nothing to be done for `all'.

**** Build Finished ****

**** Build of configuration Debug for project FrequencySetup ****

"C:\\ti\\ccsv6\\utils\\bin\\gmake" -k all 
'Building file: ../adc.c'
'Invoking: MSP430 Compiler'
"C:/ti/ccsv6/tools/compiler/ti-cgt-msp430_4.4.5/bin/cl430" -vmsp --abi=eabi --include_path="C:/ti/ccsv6/ccs_base/msp430/include" --include_path="C:/ti/ccsv6/tools/compiler/ti-cgt-msp430_4.4.5/include" --advice:power=all -g --define=__MSP430G2553__ --diag_warning=225 --diag_wrap=off --display_error_number --printf_support=minimal --preproc_with_compile --preproc_dependency="adc.pp"  "../adc.c"
'Finished building: ../adc.c'
' '
'Building file: ../main.c'
'Invoking: MSP430 Compiler'
"C:/ti/ccsv6/tools/compiler/ti-cgt-msp430_4.4.5/bin/cl430" -vmsp --abi=eabi --include_path="C:/ti/ccsv6/ccs_base/msp430/include" --include_path="C:/ti/ccsv6/tools/compiler/ti-cgt-msp430_4.4.5/include" --advice:power=all -g --define=__MSP430G2553__ --diag_warning=225 --diag_wrap=off --display_error_number --printf_support=minimal --preproc_with_compile --preproc_dependency="main.pp"  "../main.c"
"..\hvValues.h", line 9: warning #2170-D: use of a const variable in a constant expression is nonstandard in C
"..\hvValues.h", line 9: warning #2170-D: use of a const variable in a constant expression is nonstandard in C
"..\hvValues.h", line 9: warning #2170-D: use of a const variable in a constant expression is nonstandard in C
"../main.c", line 83: remark #1538-D: (ULP 10.1) ISR PORT1_ISR calls function resetCounters. Recommend moving function call away from ISR, or inlining the function, or using pragmas
"../main.c", line 96: remark #1538-D: (ULP 10.1) ISR PORT1_ISR calls function lcdLedOn. Recommend moving function call away from ISR, or inlining the function, or using pragmas
"../main.c", line 108: remark #1538-D: (ULP 10.1) ISR PORT2_ISR calls function soundTick. Recommend moving function call away from ISR, or inlining the function, or using pragmas
"../main.c", line 122: remark #1538-D: (ULP 10.1) ISR T0A1_ISR calls function soundOff. Recommend moving function call away from ISR, or inlining the function, or using pragmas
"../main.c", line 132: remark #1544-D: (ULP 13.1) Detected loop counting up. Recommend loops count down as detecting zeros is easier
"../main.c", line 139: remark #1530-D: (ULP 5.1) Detected divide operation(s). Recommend moving them to RAM during run time or not using as these are processing/power intensive
"../main.c", line 141: remark #1538-D: (ULP 10.1) ISR TA1CCR0_ISR calls function lcdLedOff. Recommend moving function call away from ISR, or inlining the function, or using pragmas
"../main.c", line 149: remark #1538-D: (ULP 10.1) ISR ADC10_ISR calls function frequencyFromAdc. Recommend moving function call away from ISR, or inlining the function, or using pragmas
'Finished building: ../main.c'
' '
'Building file: ../setup.c'
'Invoking: MSP430 Compiler'
"C:/ti/ccsv6/tools/compiler/ti-cgt-msp430_4.4.5/bin/cl430" -vmsp --abi=eabi --include_path="C:/ti/ccsv6/ccs_base/msp430/include" --include_path="C:/ti/ccsv6/tools/compiler/ti-cgt-msp430_4.4.5/include" --advice:power=all -g --define=__MSP430G2553__ --diag_warning=225 --diag_wrap=off --display_error_number --printf_support=minimal --preproc_with_compile --preproc_dependency="setup.pp"  "../setup.c"
"../setup.c", line 87: remark #1530-D: (ULP 5.1) Detected divide operation(s). Recommend moving them to RAM during run time or not using as these are processing/power intensive
'Finished building: ../setup.c'
' '
'Building target: FrequencySetup.out'
'Invoking: MSP430 Linker'
"C:/ti/ccsv6/tools/compiler/ti-cgt-msp430_4.4.5/bin/cl430" -vmsp --abi=eabi --advice:power=all -g --define=__MSP430G2553__ --diag_warning=225 --diag_wrap=off --display_error_number --printf_support=minimal -z -m"FrequencySetup.map" --heap_size=80 --stack_size=80 -i"C:/ti/ccsv6/ccs_base/msp430/include" -i"C:/ti/ccsv6/tools/compiler/ti-cgt-msp430_4.4.5/lib" -i"C:/ti/ccsv6/tools/compiler/ti-cgt-msp430_4.4.5/include" --reread_libs --warn_sections --diag_wrap=off --display_error_number --xml_link_info="FrequencySetup_linkInfo.xml" --rom_model -o "FrequencySetup.out" "./adc.obj" "./gmCore.obj" "./lcd.obj" "./main.obj" "./setup.obj" "./timing.obj" "../lnk_msp430g2553.cmd"  -l"libc.a" 
<Linking>
remark #10372-D: (ULP 4.1) Detected uninitialized Port 3 in this project. Recommend initializing all unused ports to eliminate wasted current consumption on unused pins.
'Finished building target: FrequencySetup.out'
' '

**** Build Finished ****

**** Build of configuration Debug for project ADCtest ****

"C:\\ti\\ccsv6\\utils\\bin\\gmake" -k all 
gmake: Nothing to be done for `all'.

**** Build Finished ****

**** Build of configuration Debug for project FrequencySetup ****

"C:\\ti\\ccsv6\\utils\\bin\\gmake" -k all 
'Building file: ../setup.c'
'Invoking: MSP430 Compiler'
"C:/ti/ccsv6/tools/compiler/ti-cgt-msp430_4.4.5/bin/cl430" -vmsp --abi=eabi --include_path="C:/ti/ccsv6/ccs_base/msp430/include" --include_path="C:/ti/ccsv6/tools/compiler/ti-cgt-msp430_4.4.5/include" --advice:power=all -g --define=__MSP430G2553__ --diag_warning=225 --diag_wrap=off --display_error_number --printf_support=minimal --preproc_with_compile --preproc_dependency="setup.pp"  "../setup.c"
"../setup.c", line 90: remark #1530-D: (ULP 5.1) Detected divide operation(s). Recommend moving them to RAM during run time or not using as these are processing/power intensive
'Finished building: ../setup.c'
' '
'Building target: FrequencySetup.out'
'Invoking: MSP430 Linker'
"C:/ti/ccsv6/tools/compiler/ti-cgt-msp430_4.4.5/bin/cl430" -vmsp --abi=eabi --advice:power=all -g --define=__MSP430G2553__ --diag_warning=225 --diag_wrap=off --display_error_number --printf_support=minimal -z -m"FrequencySetup.map" --heap_size=80 --stack_size=80 -i"C:/ti/ccsv6/ccs_base/msp430/include" -i"C:/ti/ccsv6/tools/compiler/ti-cgt-msp430_4.4.5/lib" -i"C:/ti/ccsv6/tools/compiler/ti-cgt-msp430_4.4.5/include" --reread_libs --warn_sections --diag_wrap=off --display_error_number --xml_link_info="FrequencySetup_linkInfo.xml" --rom_model -o "FrequencySetup.out" "./adc.obj" "./gmCore.obj" "./lcd.obj" "./main.obj" "./setup.obj" "./timing.obj" "../lnk_msp430g2553.cmd"  -l"libc.a" 
<Linking>
'Finished building target: FrequencySetup.out'
' '

**** Build Finished ****
